<?xml version="1.0" encoding="utf-8"?>
<testsuites xmlns:xsi="http://www.w3.org/2001/XMLSchema-instance" xmlns:xsd="http://www.w3.org/2001/XMLSchema">
  <testsuite name="WAVE_6" tests="17" failures="0" skipped="0" time="4506.1815509" timestamp="2026-02-24T10:03:29" id="3a1deb6c-626c-0a44-82b2-c366614c889f" log="">
    <testcase name="CS_02_01_001 Create Sales Order (manual standard)" time="223.6903625" timestamp="2026-02-24T10:03:30.6344361+01:00" log="+ Passed CS_02_01_001 Create Sales Order (manual standard)&#xD;&#xA;+ Passed  Preconditions&#xD;&#xA;+ Passed   Delete Buffers {LogInfo='Successfully deleted all Buffers!'}&#xD;&#xA;+ Passed   Set Buffer for TDS Data Repository&#xD;&#xA;+ Passed    TDSRepository {LogInfo='Buffer with name 'TDSRepository' has been set to value 'A2R'.',UsedValue='A2R'}&#xD;&#xA;+ Passed   App | Fetch Data from TDS&#xD;&#xA;+ Passed    TestData - Read data&#xD;&#xA;+ Passed   Set Buffers&#xD;&#xA;+ Passed    SalesOrderType {LogInfo='Buffer with name 'SalesOrderType' has been set to value 'ZOR'.',UsedValue='ZOR'}&#xD;&#xA;+ Passed    SalesOrganization {LogInfo='Buffer with name 'SalesOrganization' has been set to value 'IT05'.',UsedValue='IT05'}&#xD;&#xA;+ Passed    DistributionChannel {LogInfo='Buffer with name 'DistributionChannel' has been set to value '10'.',UsedValue='10'}&#xD;&#xA;+ Passed    Division {LogInfo='Buffer with name 'Division' has been set to value 'C0'.',UsedValue='C0'}&#xD;&#xA;+ Passed    SoldToParty {LogInfo='Buffer with name 'SoldToParty' has been set to value '100163707'.',UsedValue='100163707'}&#xD;&#xA;+ Passed    ShipToParty {LogInfo='Buffer with name 'ShipToParty' has been set to value '100163707'.',UsedValue='100163707'}&#xD;&#xA;+ Passed    PurchaseOrderType {LogInfo='Buffer with name 'PurchaseOrderType' has been set to value 'MAN'.',UsedValue='MAN'}&#xD;&#xA;+ Passed    ShippingCondition {LogInfo='Buffer with name 'ShippingCondition' has been set to value 'Pharmacy'.',UsedValue='Pharmacy'}&#xD;&#xA;+ Passed    MaterialNumber {LogInfo='Buffer with name 'MaterialNumber' has been set to value '768037'.',UsedValue='768037'}&#xD;&#xA;+ Passed    OrderQuantity {LogInfo='Buffer with name 'OrderQuantity' has been set to value '2'.',UsedValue='2'}&#xD;&#xA;+ Passed    CustReference {LogInfo='Buffer with name 'CustReference' has been set to value 'AUTO_20260224100333'.',UsedValue='AUTO_20260224100333'}&#xD;&#xA;&#xD;&#xA;+ Passed  Process&#xD;&#xA;+ Passed   1. Login &#xD;&#xA;+ Passed    App | Login without SSO | User from TDS&#xD;&#xA;+ Passed     Set Buffer for Users TDS Repository&#xD;&#xA;+ Passed      TDSRepository {LogInfo='Buffer with name 'TDSRepository' has been set to value 'Users'.',UsedValue='Users'}&#xD;&#xA;+ Passed     TestData - Find &amp; provide item&#xD;&#xA;+ Passed     Open Url {LogInfo='Opened https://ppdpolaris.sanofi.com:44350/sap/bc/ui5_ui5/ui2/ushell/shells/abap/FioriLaunchpad.html?saml2=disabled#sap-client=100#Shell-home in Edge, in a new tab.'}&#xD;&#xA;+ Passed     Wait for browser to open and maximize the window&#xD;&#xA;+ Passed      Operation {LogInfo='Operation 'Wait On Open' has been performed successfully on window with caption '*.sanofi.com:44350/sap*'.'}&#xD;&#xA;+ Passed      Operation {LogInfo='Operation 'Maximize' has been performed successfully on window with caption '*.sanofi.com:44350/sap*'.'}&#xD;&#xA;+ Passed     Click Cancel on Windows Security popup&#xD;&#xA;+ Passed      Sign in to access this site {LogInfo='WaitOn was successful.&#xD;&#xA;Expected value == &quot;True&quot;&#xD;&#xA;Actual value: &quot;True&quot;',UsedValue='True'}&#xD;&#xA;+ Passed      Cancel {UsedValue='x'}&#xD;&#xA;+ Passed     Provide credentials and log on&#xD;&#xA;+ Passed      User {LogInfo='WaitOn was successful.&#xD;&#xA;Expected value == &quot;True&quot;&#xD;&#xA;Actual value: &quot;True&quot;',UsedValue='True'}&#xD;&#xA;+ Passed      User {UsedValue='{SENDKEYS[^{END}^(+{HOME}){DELETE}]}{TEXTINPUT[ART-CS-421]}'}&#xD;&#xA;+ Passed      Password {UsedValue='{SENDKEYS[^{END}^(+{HOME}){DELETE}]}{TEXTINPUT[PolarisTest@2026]}'}&#xD;&#xA;+ Passed      Language {UsedValue='EN - English'}&#xD;&#xA;+ Passed      Log On&#xD;&#xA;+ Passed     If (Error popup after login is displayed)&#xD;&#xA;+ Passed      Then&#xD;&#xA;+ Passed       Click Close button&#xD;&#xA;+ Passed        Error&#xD;&#xA;+ Passed         Close {UsedValue='x'}&#xD;&#xA;+ Passed     Wait for User Profile icon&#xD;&#xA;+ Passed      User Profile section&#xD;&#xA;+ Passed       User icon {LogInfo='WaitOn was successful.&#xD;&#xA;Expected value == &quot;True&quot;&#xD;&#xA;Actual value: &quot;True&quot;',UsedValue='True'}&#xD;&#xA;+ Passed     Display user info and take a screenshot&#xD;&#xA;+ Passed      Wait {LogInfo='Waited for 5000ms.'}&#xD;&#xA;+ Passed      Click User Profile icon&#xD;&#xA;+ Passed       User Profile section&#xD;&#xA;+ Passed        User icon&#xD;&#xA;+ Passed        User icon {LogInfo='WaitOn was successful.&#xD;&#xA;Expected value == &quot;True&quot;&#xD;&#xA;Actual value: &quot;True&quot;',UsedValue='True'}&#xD;&#xA;+ Passed      Wait {LogInfo='Waited for 1000ms.'}&#xD;&#xA;+ Passed      Take Screenshot {LogInfo='The screenshot successfully saved in '\\A11FLSCIFS\Tosca_Screenshots\26\2\24\Opella_20260224100400_20260224100400823.png''}&#xD;&#xA;+ Passed      Wait {LogInfo='Waited for 1000ms.'}&#xD;&#xA;+ Passed      Unclick to hide a floating window&#xD;&#xA;+ Passed       Navigate to Home Page&#xD;&#xA;+ Passed     TestData - Expert module&#xD;&#xA;+ Passed     Set Buffer for Stream (Data) Repository&#xD;&#xA;+ Passed      TDSRepository {LogInfo='Buffer with name 'TDSRepository' has been set to value 'A2R'.',UsedValue='A2R'}&#xD;&#xA;+ Passed   2. Open Application Create Sales Order&#xD;&#xA;+ Passed    App | Find and open the app&#xD;&#xA;+ Passed     Set Buffers&#xD;&#xA;+ Passed      AppToFind {LogInfo='Buffer with name 'AppToFind' has been set to value 'Create Sales Orders'.',UsedValue='Create Sales Orders'}&#xD;&#xA;+ Passed      Subtitle {LogInfo='Buffer with name 'Subtitle' has been set to value 'VA01'.',UsedValue='VA01'}&#xD;&#xA;+ Passed     Go to App Finder&#xD;&#xA;+ Passed      [Technical Wait for Page to Refresh] Wait for 2s {LogInfo='Waited for 2000ms.'}&#xD;&#xA;+ Passed      Do (Go to App Finder)&#xD;&#xA;+ Passed      Click in App Finder&#xD;&#xA;+ Passed       App Finder&#xD;&#xA;+ Passed      Wait till Catalog Menu is Visible&#xD;&#xA;+ Passed       Catalog {LogInfo='WaitOn was successful.&#xD;&#xA;Expected value == &quot;True&quot;&#xD;&#xA;Actual value: &quot;True&quot;',UsedValue='True'}&#xD;&#xA;+ Passed     SAP Menu&#xD;&#xA;+ Passed      Click on SAP Menu&#xD;&#xA;+ Passed       SAP Menu {UsedValue='X'}&#xD;&#xA;+ Passed      WaitOn for Page to Load&#xD;&#xA;+ Passed       Elements to WaitOn&#xD;&#xA;+ Passed        Breadcrumb Trail {LogInfo='WaitOn was successful.&#xD;&#xA;Expected value == &quot;True&quot;&#xD;&#xA;Actual value: &quot;True&quot;',UsedValue='True'}&#xD;&#xA;+ Passed      Search for the App&#xD;&#xA;+ Passed       Insert App name &amp; Search&#xD;&#xA;+ Passed        Search in catalog / menu input {LogInfo='WaitOn was successful.&#xD;&#xA;Expected value == &quot;True&quot;&#xD;&#xA;Actual value: &quot;True&quot;',UsedValue='True'}&#xD;&#xA;+ Passed        Search in catalog / menu input {UsedValue='{SENDKEYS[^{END}^(+{HOME}){DELETE}]}{TEXTINPUT[Create Sales Orders]}{ENTER}'}&#xD;&#xA;+ Passed      When First Matching Tile To Open and No Similar Named Tiles Displayed&#xD;&#xA;+ Passed       Title with Subtitle&#xD;&#xA;+ Passed        Click the proper tile&#xD;&#xA;+ Passed        Delete Subtitle Buffer&#xD;&#xA;+ Passed         Buffer {LogInfo='Following Buffers were successfully deleted: Subtitle.'}&#xD;&#xA;+ Passed     Wait till App Finder Screen Disappears&#xD;&#xA;+ Passed      Page Button {LogInfo='WaitOn was successful.&#xD;&#xA;Expression: != &quot;App Finder*&quot;&#xD;&#xA;Actual value: &quot;Home&quot;',UsedValue='App Finder*'}&#xD;&#xA;+ Passed    If (Error popup after tile clicking)&#xD;&#xA;+ Passed     Then&#xD;&#xA;+ Passed      Error popup after tile clicking id displayed&#xD;&#xA;+ Passed       Error&#xD;&#xA;+ Passed        Close {UsedValue='x'}&#xD;&#xA;+ Passed      App | Find and open the app&#xD;&#xA;+ Passed       Set Buffers&#xD;&#xA;+ Passed        AppToFind {LogInfo='Buffer with name 'AppToFind' has been set to value 'Create Sales Orders'.',UsedValue='Create Sales Orders'}&#xD;&#xA;+ Passed        Subtitle {LogInfo='Buffer with name 'Subtitle' has been set to value 'VA01'.',UsedValue='VA01'}&#xD;&#xA;+ Passed       Go to App Finder&#xD;&#xA;+ Passed        [Technical Wait for Page to Refresh] Wait for 2s {LogInfo='Waited for 2000ms.'}&#xD;&#xA;+ Passed        Do (Go to App Finder)&#xD;&#xA;+ Passed        Click in App Finder&#xD;&#xA;+ Passed         App Finder&#xD;&#xA;+ Passed        Wait till Catalog Menu is Visible&#xD;&#xA;+ Passed         Catalog {LogInfo='WaitOn was successful.&#xD;&#xA;Expected value == &quot;True&quot;&#xD;&#xA;Actual value: &quot;True&quot;',UsedValue='True'}&#xD;&#xA;+ Passed       SAP Menu&#xD;&#xA;+ Passed        Click on SAP Menu&#xD;&#xA;+ Passed         SAP Menu {UsedValue='X'}&#xD;&#xA;+ Passed        WaitOn for Page to Load&#xD;&#xA;+ Passed         Elements to WaitOn&#xD;&#xA;+ Passed          Breadcrumb Trail {LogInfo='WaitOn was successful.&#xD;&#xA;Expected value == &quot;True&quot;&#xD;&#xA;Actual value: &quot;True&quot;',UsedValue='True'}&#xD;&#xA;+ Passed        Search for the App&#xD;&#xA;+ Passed         Insert App name &amp; Search&#xD;&#xA;+ Passed          Search in catalog / menu input {LogInfo='WaitOn was successful.&#xD;&#xA;Expected value == &quot;True&quot;&#xD;&#xA;Actual value: &quot;True&quot;',UsedValue='True'}&#xD;&#xA;+ Passed          Search in catalog / menu input {UsedValue='{SENDKEYS[^{END}^(+{HOME}){DELETE}]}{TEXTINPUT[Create Sales Orders]}{ENTER}'}&#xD;&#xA;+ Passed        When First Matching Tile To Open and No Similar Named Tiles Displayed&#xD;&#xA;+ Passed         Title with Subtitle&#xD;&#xA;+ Passed          Click the proper tile&#xD;&#xA;+ Passed          Delete Subtitle Buffer&#xD;&#xA;+ Passed           Buffer {LogInfo='Following Buffers were successfully deleted: Subtitle.'}&#xD;&#xA;+ Passed       Wait till App Finder Screen Disappears&#xD;&#xA;+ Passed        Page Button {LogInfo='WaitOn was successful.&#xD;&#xA;Expression: != &quot;App Finder*&quot;&#xD;&#xA;Actual value: &quot;Create Sales Documents&quot;',UsedValue='App Finder*'}&#xD;&#xA;+ Passed   3. Enter Data (Screen 1)&#xD;&#xA;+ Passed    VA01 | Create Sales Order | Create Order: screen 1&#xD;&#xA;+ Passed     Simple Creation&#xD;&#xA;+ Passed      Fill the Order data&#xD;&#xA;+ Passed       Order Type {LogInfo='WaitOn was successful.&#xD;&#xA;Expected value == &quot;True&quot;&#xD;&#xA;Actual value: &quot;True&quot;',UsedValue='True'}&#xD;&#xA;+ Passed       Order Type {UsedValue='ZOR'}&#xD;&#xA;+ Passed       Order Type {LogInfo='WaitOn was successful.&#xD;&#xA;Expected value == &quot;ZOR&quot;&#xD;&#xA;Actual value: &quot;ZOR&quot;',UsedValue='ZOR'}&#xD;&#xA;+ Passed       Organizational Data&#xD;&#xA;+ Passed        Sales Organization {UsedValue='IT05'}&#xD;&#xA;+ Passed        Distribution Channel {UsedValue='10'}&#xD;&#xA;+ Passed        Division {UsedValue='C0'}&#xD;&#xA;+ Passed        Division {LogInfo='WaitOn was successful.&#xD;&#xA;Expected value == &quot;C0&quot;&#xD;&#xA;Actual value: &quot;C0&quot;',UsedValue='C0'}&#xD;&#xA;+ Passed      Take Screenshot {LogInfo='The screenshot successfully saved in '\\A11FLSCIFS\Tosca_Screenshots\26\2\24\Opella_20260224100434_20260224100434075.png''}&#xD;&#xA;+ Passed      Click Continue button&#xD;&#xA;+ Passed       Continue (Enter)&#xD;&#xA;+ Passed      Wait for displaying screen 2&#xD;&#xA;+ Passed       Sold-to Party {LogInfo='WaitOn was successful.&#xD;&#xA;Expected value == &quot;True&quot;&#xD;&#xA;Actual value: &quot;True&quot;',UsedValue='True'}&#xD;&#xA;+ Passed    Set Buffers for PDF&#xD;&#xA;+ Passed     Order Type {LogInfo='Buffer with name 'Order Type' has been set to value 'ZOR'.',UsedValue='ZOR'}&#xD;&#xA;+ Passed     Sales Organization {LogInfo='Buffer with name 'Sales Organization' has been set to value 'IT05'.',UsedValue='IT05'}&#xD;&#xA;+ Passed     Distribution Channel {LogInfo='Buffer with name 'Distribution Channel' has been set to value '10'.',UsedValue='10'}&#xD;&#xA;+ Passed     Division {LogInfo='Buffer with name 'Division' has been set to value 'C0'.',UsedValue='C0'}&#xD;&#xA;+ Passed   4. Enter Data (Overview)&#xD;&#xA;+ Passed    VA01 | Create Sales Order | Create Order: screen 2 (Overview)&#xD;&#xA;+ Passed     Fill the Order data - overview section&#xD;&#xA;+ Passed      Sold-to Party {LogInfo='WaitOn was successful.&#xD;&#xA;Expected value == &quot;True&quot;&#xD;&#xA;Actual value: &quot;True&quot;',UsedValue='True'}&#xD;&#xA;+ Passed      Sold-to Party {UsedValue='100163707'}&#xD;&#xA;+ Passed      Ship-to Party {UsedValue='100163707'}&#xD;&#xA;+ Passed      Customer Reference {UsedValue='AUTO_20260224100333'}&#xD;&#xA;+ Passed     Fill the Order data - Sales tab section&#xD;&#xA;+ Passed     Fill the Order data - All Items table&#xD;&#xA;+ Passed     Wait before taking screenshot {LogInfo='Waited for 1000ms.'}&#xD;&#xA;+ Passed     Take Screenshot {LogInfo='The screenshot successfully saved in '\\A11FLSCIFS\Tosca_Screenshots\26\2\24\Opella_20260224100439_20260224100439156.png''}&#xD;&#xA;+ Passed    Set Buffers for PDF&#xD;&#xA;+ Passed     Sold To Party {LogInfo='Buffer with name 'Sold To Party' has been set to value '100163707'.',UsedValue='100163707'}&#xD;&#xA;+ Passed     Ship To Party {LogInfo='Buffer with name 'Ship To Party' has been set to value '100163707'.',UsedValue='100163707'}&#xD;&#xA;+ Passed     Customer Reference {LogInfo='Buffer with name 'Customer Reference' has been set to value 'AUTO_20260224100333'.',UsedValue='AUTO_20260224100333'}&#xD;&#xA;+ Passed   5. Enter Purchase Order Type&#xD;&#xA;+ Passed    App | Navigate through the Context Menu | Index Based Operations (If multiple elements with same name)&#xD;&#xA;+ Passed     Set Buffers&#xD;&#xA;+ Passed      ContextMenuIndex {LogInfo='Buffer with name 'ContextMenuIndex' has been set to value '1'.',UsedValue='1'}&#xD;&#xA;+ Passed      Path {LogInfo='Buffer with name 'Path' has been set to value 'Goto-&gt;Header-&gt; Purchase Order Data'.',UsedValue='Goto-&gt;Header-&gt; Purchase Order Data'}&#xD;&#xA;+ Passed     Click Menu Button&#xD;&#xA;+ Passed      Application&#xD;&#xA;+ Passed       *&#xD;&#xA;+ Passed        Menu {LogInfo='WaitOn was successful.&#xD;&#xA;Expected value == &quot;True&quot;&#xD;&#xA;Actual value: &quot;True&quot;',UsedValue='True'}&#xD;&#xA;+ Passed        Menu&#xD;&#xA;+ Passed        Menu {LogInfo='WaitOn was successful.&#xD;&#xA;Expected value == &quot;True&quot;&#xD;&#xA;Actual value: &quot;True&quot;',UsedValue='True'}&#xD;&#xA;+ Passed     Provide Path to Open in Context Menu&#xD;&#xA;+ Passed      Application&#xD;&#xA;+ Passed       *&#xD;&#xA;+ Passed        Context Menu [Index]&#xD;&#xA;+ Passed         Context Menu [Index]&#xD;&#xA;+ Passed         Context Menu [Index]&#xD;&#xA;+ Passed         Context Menu [Index]&#xD;&#xA;+ Passed          Context Menu [Index]&#xD;&#xA;+ Passed          Context Menu [Index]&#xD;&#xA;+ Passed     Delete Used Buffer&#xD;&#xA;+ Passed      Buffer {LogInfo='Following Buffers were successfully deleted: ContextMenuIndex.'}&#xD;&#xA;+ Passed      Buffer {LogInfo='Following Buffers were successfully deleted: Path.'}&#xD;&#xA;+ Passed    Wait for Header Data&#xD;&#xA;+ Passed     Customer Ref. Date {LogInfo='WaitOn was successful.&#xD;&#xA;Expected value == &quot;True&quot;&#xD;&#xA;Actual value: &quot;True&quot;',UsedValue='True'}&#xD;&#xA;+ Passed    VA01 | Create Sales Order | Header | Order Data&#xD;&#xA;+ Passed     VA01 | Create Sales Order | Header | Order Data&#xD;&#xA;+ Passed      Purchase Order Type {UsedValue='MAN'}&#xD;&#xA;+ Passed      Purchase Order Type {LogInfo='WaitOn was successful.&#xD;&#xA;Expected value == &quot;MAN&quot;&#xD;&#xA;Actual value: &quot;MAN&quot;',UsedValue='MAN'}&#xD;&#xA;+ Passed    Wait before taking screenshot {LogInfo='Waited for 1000ms.'}&#xD;&#xA;+ Passed    Take Screenshot {LogInfo='The screenshot successfully saved in '\\A11FLSCIFS\Tosca_Screenshots\26\2\24\Opella_20260224100448_20260224100448125.png''}&#xD;&#xA;+ Passed    Set Buffers for PDF&#xD;&#xA;+ Passed     Purchase Order Type {LogInfo='Buffer with name 'Purchase Order Type' has been set to value 'MAN'.',UsedValue='MAN'}&#xD;&#xA;+ Passed   6. Display Shipping Condition&#xD;&#xA;+ Passed    App | Navigate through the Context Menu | Index Based Operations (If multiple elements with same name)&#xD;&#xA;+ Passed     Set Buffers&#xD;&#xA;+ Passed      ContextMenuIndex {LogInfo='Buffer with name 'ContextMenuIndex' has been set to value '1'.',UsedValue='1'}&#xD;&#xA;+ Passed      Path {LogInfo='Buffer with name 'Path' has been set to value 'Goto-&gt;Overview'.',UsedValue='Goto-&gt;Overview'}&#xD;&#xA;+ Passed     Click Menu Button&#xD;&#xA;+ Passed      Application&#xD;&#xA;+ Passed       *&#xD;&#xA;+ Passed        Menu {LogInfo='WaitOn was successful.&#xD;&#xA;Expected value == &quot;True&quot;&#xD;&#xA;Actual value: &quot;True&quot;',UsedValue='True'}&#xD;&#xA;+ Passed        Menu&#xD;&#xA;+ Passed        Menu {LogInfo='WaitOn was successful.&#xD;&#xA;Expected value == &quot;True&quot;&#xD;&#xA;Actual value: &quot;True&quot;',UsedValue='True'}&#xD;&#xA;+ Passed     Provide Path to Open in Context Menu&#xD;&#xA;+ Passed      Application&#xD;&#xA;+ Passed       *&#xD;&#xA;+ Passed        Context Menu [Index]&#xD;&#xA;+ Passed         Context Menu [Index]&#xD;&#xA;+ Passed         Context Menu [Index]&#xD;&#xA;+ Passed     Delete Used Buffer&#xD;&#xA;+ Passed      Buffer {LogInfo='Following Buffers were successfully deleted: ContextMenuIndex.'}&#xD;&#xA;+ Passed      Buffer {LogInfo='Following Buffers were successfully deleted: Path.'}&#xD;&#xA;+ Passed    App | Navigate through the Context Menu | Index Based Operations (If multiple elements with same name)&#xD;&#xA;+ Passed     Set Buffers&#xD;&#xA;+ Passed      ContextMenuIndex {LogInfo='Buffer with name 'ContextMenuIndex' has been set to value '1'.',UsedValue='1'}&#xD;&#xA;+ Passed      Path {LogInfo='Buffer with name 'Path' has been set to value 'Goto-&gt;Header-&gt;Shipping'.',UsedValue='Goto-&gt;Header-&gt;Shipping'}&#xD;&#xA;+ Passed     Click Menu Button&#xD;&#xA;+ Passed      Application&#xD;&#xA;+ Passed       *&#xD;&#xA;+ Passed        Menu {LogInfo='WaitOn was successful.&#xD;&#xA;Expected value == &quot;True&quot;&#xD;&#xA;Actual value: &quot;True&quot;',UsedValue='True'}&#xD;&#xA;+ Passed        Menu&#xD;&#xA;+ Passed        Menu {LogInfo='WaitOn was successful.&#xD;&#xA;Expected value == &quot;True&quot;&#xD;&#xA;Actual value: &quot;True&quot;',UsedValue='True'}&#xD;&#xA;+ Passed     Provide Path to Open in Context Menu&#xD;&#xA;+ Passed      Application&#xD;&#xA;+ Passed       *&#xD;&#xA;+ Passed        Context Menu [Index]&#xD;&#xA;+ Passed         Context Menu [Index]&#xD;&#xA;+ Passed         Context Menu [Index]&#xD;&#xA;+ Passed         Context Menu [Index]&#xD;&#xA;+ Passed          Context Menu [Index]&#xD;&#xA;+ Passed          Context Menu [Index]&#xD;&#xA;+ Passed     Delete Used Buffer&#xD;&#xA;+ Passed      Buffer {LogInfo='Following Buffers were successfully deleted: ContextMenuIndex.'}&#xD;&#xA;+ Passed      Buffer {LogInfo='Following Buffers were successfully deleted: Path.'}&#xD;&#xA;+ Passed    Verify Shipping - Shp. Cond.&#xD;&#xA;+ Passed     Shipping Conditions {LogInfo='WaitOn was successful.&#xD;&#xA;Expected value == &quot;True&quot;&#xD;&#xA;Actual value: &quot;True&quot;',UsedValue='True'}&#xD;&#xA;+ Passed     Shipping Conditions {LogInfo='Verification was successful.&#xD;&#xA;Expected value == &quot;Pharmacy&quot;&#xD;&#xA;Actual value: &quot;Pharmacy&quot;',UsedValue='Pharmacy'}&#xD;&#xA;+ Passed    Take Screenshot {LogInfo='The screenshot successfully saved in '\\A11FLSCIFS\Tosca_Screenshots\26\2\24\Opella_20260224100457_20260224100457623.png''}&#xD;&#xA;+ Passed    Set Buffers for PDF&#xD;&#xA;+ Passed     Shipping Condition {LogInfo='Buffer with name 'Shipping Condition' has been set to value 'Pharmacy'.',UsedValue='Pharmacy'}&#xD;&#xA;+ Passed   7. Enter Material and Order Quantity&#xD;&#xA;+ Passed    App | Navigate through the Context Menu | Index Based Operations (If multiple elements with same name)&#xD;&#xA;+ Passed     Set Buffers&#xD;&#xA;+ Passed      ContextMenuIndex {LogInfo='Buffer with name 'ContextMenuIndex' has been set to value '1'.',UsedValue='1'}&#xD;&#xA;+ Passed      Path {LogInfo='Buffer with name 'Path' has been set to value 'Goto-&gt;Overview'.',UsedValue='Goto-&gt;Overview'}&#xD;&#xA;+ Passed     Click Menu Button&#xD;&#xA;+ Passed      Application&#xD;&#xA;+ Passed       *&#xD;&#xA;+ Passed        Menu {LogInfo='WaitOn was successful.&#xD;&#xA;Expected value == &quot;True&quot;&#xD;&#xA;Actual value: &quot;True&quot;',UsedValue='True'}&#xD;&#xA;+ Passed        Menu&#xD;&#xA;+ Passed        Menu {LogInfo='WaitOn was successful.&#xD;&#xA;Expected value == &quot;True&quot;&#xD;&#xA;Actual value: &quot;True&quot;',UsedValue='True'}&#xD;&#xA;+ Passed     Provide Path to Open in Context Menu&#xD;&#xA;+ Passed      Application&#xD;&#xA;+ Passed       *&#xD;&#xA;+ Passed        Context Menu [Index]&#xD;&#xA;+ Passed         Context Menu [Index]&#xD;&#xA;+ Passed         Context Menu [Index]&#xD;&#xA;+ Passed     Delete Used Buffer&#xD;&#xA;+ Passed      Buffer {LogInfo='Following Buffers were successfully deleted: ContextMenuIndex.'}&#xD;&#xA;+ Passed      Buffer {LogInfo='Following Buffers were successfully deleted: Path.'}&#xD;&#xA;+ Passed    VA01 | Create Sales Order | Create Order: screen 2 (Overview)&#xD;&#xA;+ Passed     Fill the Order data - overview section&#xD;&#xA;+ Passed      Sold-to Party {LogInfo='WaitOn was successful.&#xD;&#xA;Expected value == &quot;True&quot;&#xD;&#xA;Actual value: &quot;True&quot;',UsedValue='True'}&#xD;&#xA;+ Passed     Fill the Order data - Sales tab section&#xD;&#xA;+ Passed     Fill the Order data - All Items table&#xD;&#xA;+ Passed      All Items&#xD;&#xA;+ Passed       $1&#xD;&#xA;+ Passed        Material {UsedValue='768037'}&#xD;&#xA;+ Passed        Order Quantity {UsedValue='2'}&#xD;&#xA;+ Passed     Wait before taking screenshot {LogInfo='Waited for 1000ms.'}&#xD;&#xA;+ Passed     Take Screenshot {LogInfo='The screenshot successfully saved in '\\A11FLSCIFS\Tosca_Screenshots\26\2\24\Opella_20260224100510_20260224100510303.png''}&#xD;&#xA;+ Passed    Set Buffers for PDF&#xD;&#xA;+ Passed     Material Number {LogInfo='Buffer with name 'Material Number' has been set to value '768037'.',UsedValue='768037'}&#xD;&#xA;+ Passed     Order Quantity {LogInfo='Buffer with name 'Order Quantity' has been set to value '2'.',UsedValue='2'}&#xD;&#xA;+ Passed   8. Select InCompletion Log and Verify Log&#xD;&#xA;+ Passed    App | Navigate through the Context Menu | Index Based Operations (If multiple elements with same name)&#xD;&#xA;+ Passed     Set Buffers&#xD;&#xA;+ Passed      ContextMenuIndex {LogInfo='Buffer with name 'ContextMenuIndex' has been set to value '1'.',UsedValue='1'}&#xD;&#xA;+ Passed      Path {LogInfo='Buffer with name 'Path' has been set to value 'Edit-&gt;Incompletion Log'.',UsedValue='Edit-&gt;Incompletion Log'}&#xD;&#xA;+ Passed     Click Menu Button&#xD;&#xA;+ Passed      Application&#xD;&#xA;+ Passed       *&#xD;&#xA;+ Passed        Menu {LogInfo='WaitOn was successful.&#xD;&#xA;Expected value == &quot;True&quot;&#xD;&#xA;Actual value: &quot;True&quot;',UsedValue='True'}&#xD;&#xA;+ Passed        Menu&#xD;&#xA;+ Passed        Menu {LogInfo='WaitOn was successful.&#xD;&#xA;Expected value == &quot;True&quot;&#xD;&#xA;Actual value: &quot;True&quot;',UsedValue='True'}&#xD;&#xA;+ Passed     Provide Path to Open in Context Menu&#xD;&#xA;+ Passed      Application&#xD;&#xA;+ Passed       *&#xD;&#xA;+ Passed        Context Menu [Index]&#xD;&#xA;+ Passed         Context Menu [Index]&#xD;&#xA;+ Passed         Context Menu [Index]&#xD;&#xA;+ Passed     Delete Used Buffer&#xD;&#xA;+ Passed      Buffer {LogInfo='Following Buffers were successfully deleted: ContextMenuIndex.'}&#xD;&#xA;+ Passed      Buffer {LogInfo='Following Buffers were successfully deleted: Path.'}&#xD;&#xA;+ Passed    If (Review Availability Check Result is visible)&#xD;&#xA;+ Passed     Then&#xD;&#xA;+ Passed      Go back&#xD;&#xA;+ Passed       Back {UsedValue='x'}&#xD;&#xA;+ Passed    App | Verify Status bar Message&#xD;&#xA;+ Passed     Verify Message&#xD;&#xA;+ Passed      SAP Statusbar {LogInfo='WaitOn was successful.&#xD;&#xA;Expected value == &quot;True&quot;&#xD;&#xA;Actual value: &quot;True&quot;',UsedValue='True'}&#xD;&#xA;+ Passed      SAP Statusbar {LogInfo='Verification was successful.&#xD;&#xA;Expression: &quot;== *Document is complete*&quot;&#xD;&#xA;Actual value: &quot;Document is complete&quot;',UsedValue='*Document is complete*'}&#xD;&#xA;+ Passed    Take Screenshot {LogInfo='The screenshot successfully saved in '\\A11FLSCIFS\Tosca_Screenshots\26\2\24\Opella_20260224100524_20260224100524936.png''}&#xD;&#xA;+ Passed   [Technical for Further Use] Get Shipping Point&#xD;&#xA;+ Passed    Select Shipping tab&#xD;&#xA;+ Passed     Sold-to Party {LogInfo='WaitOn was successful.&#xD;&#xA;Expected value == &quot;True&quot;&#xD;&#xA;Actual value: &quot;True&quot;',UsedValue='True'}&#xD;&#xA;+ Passed     Tab Panel {UsedValue='Shipping'}&#xD;&#xA;+ Passed    Retrieve Shipping Point&#xD;&#xA;+ Passed     All Items {LogInfo='WaitOn was successful.&#xD;&#xA;Expected value == &quot;True&quot;&#xD;&#xA;Actual value: &quot;True&quot;',UsedValue='True'}&#xD;&#xA;+ Passed      $1&#xD;&#xA;+ Passed       Shipping Point {LogInfo='Buffer with name 'ShippingPoint' has been set to value 'ITD2'.',UsedValue='ITD2'}&#xD;&#xA;+ Passed   9. Save Standard Order&#xD;&#xA;+ Passed    Click Save&#xD;&#xA;+ Passed     Save (Ctrl+S)&#xD;&#xA;+ Passed    If | SAP Credit Management: Messages from Credit Check Message&#xD;&#xA;+ Passed    App | Verify Status bar Message&#xD;&#xA;+ Passed     Verify Message&#xD;&#xA;+ Passed      SAP Statusbar {LogInfo='WaitOn was successful.&#xD;&#xA;Expected value == &quot;True&quot;&#xD;&#xA;Actual value: &quot;True&quot;',UsedValue='True'}&#xD;&#xA;+ Passed      SAP Statusbar {LogInfo='Verification was successful.&#xD;&#xA;Expression: &quot;== *Standard Order {XB[SalesOrderNumber]} has been saved.*&quot;&#xD;&#xA;Actual value: &quot;Standard Order 1071408577 has been saved.&quot;',UsedValue='*Standard Order {XB[SalesOrderNumber]} has been saved.*'}&#xD;&#xA;+ Passed    Take Screenshot {LogInfo='The screenshot successfully saved in '\\A11FLSCIFS\Tosca_Screenshots\26\2\24\Opella_20260224100608_20260224100608036.png''}&#xD;&#xA;+ Passed    Set Buffers for PDF&#xD;&#xA;+ Passed     Sales Order {LogInfo='Buffer with name 'Sales Order' has been set to value '1071408577'.',UsedValue='1071408577'}&#xD;&#xA;+ Passed    Click Exit&#xD;&#xA;+ Passed     Top bar&#xD;&#xA;+ Passed      Exit&#xD;&#xA;+ Passed   [Technical] Check and save Delivery date&#xD;&#xA;+ Passed    App | Find and open the app&#xD;&#xA;+ Passed     Set Buffers&#xD;&#xA;+ Passed      AppToFind {LogInfo='Buffer with name 'AppToFind' has been set to value 'Change Sales Orders'.',UsedValue='Change Sales Orders'}&#xD;&#xA;+ Passed      Subtitle {LogInfo='Buffer with name 'Subtitle' has been set to value 'VA02'.',UsedValue='VA02'}&#xD;&#xA;+ Passed     Go to App Finder&#xD;&#xA;+ Passed      [Technical Wait for Page to Refresh] Wait for 2s {LogInfo='Waited for 2000ms.'}&#xD;&#xA;+ Passed      Do (Go to App Finder)&#xD;&#xA;+ Passed      Click in App Finder&#xD;&#xA;+ Passed       App Finder&#xD;&#xA;+ Passed      Wait till Catalog Menu is Visible&#xD;&#xA;+ Passed       Catalog {LogInfo='WaitOn was successful.&#xD;&#xA;Expected value == &quot;True&quot;&#xD;&#xA;Actual value: &quot;True&quot;',UsedValue='True'}&#xD;&#xA;+ Passed     SAP Menu&#xD;&#xA;+ Passed      Click on SAP Menu&#xD;&#xA;+ Passed       SAP Menu {UsedValue='X'}&#xD;&#xA;+ Passed      WaitOn for Page to Load&#xD;&#xA;+ Passed       Elements to WaitOn&#xD;&#xA;+ Passed        Breadcrumb Trail {LogInfo='WaitOn was successful.&#xD;&#xA;Expected value == &quot;True&quot;&#xD;&#xA;Actual value: &quot;True&quot;',UsedValue='True'}&#xD;&#xA;+ Passed      Search for the App&#xD;&#xA;+ Passed       Insert App name &amp; Search&#xD;&#xA;+ Passed        Search in catalog / menu input {LogInfo='WaitOn was successful.&#xD;&#xA;Expected value == &quot;True&quot;&#xD;&#xA;Actual value: &quot;True&quot;',UsedValue='True'}&#xD;&#xA;+ Passed        Search in catalog / menu input {UsedValue='{SENDKEYS[^{END}^(+{HOME}){DELETE}]}{TEXTINPUT[Change Sales Orders]}{ENTER}'}&#xD;&#xA;+ Passed      When First Matching Tile To Open and No Similar Named Tiles Displayed&#xD;&#xA;+ Passed       Title with Subtitle&#xD;&#xA;+ Passed        Click the proper tile&#xD;&#xA;+ Passed        Delete Subtitle Buffer&#xD;&#xA;+ Passed         Buffer {LogInfo='Following Buffers were successfully deleted: Subtitle.'}&#xD;&#xA;+ Passed     Wait till App Finder Screen Disappears&#xD;&#xA;+ Passed      Page Button {LogInfo='WaitOn was successful.&#xD;&#xA;Expression: != &quot;App Finder*&quot;&#xD;&#xA;Actual value: &quot;Change Sales Documents&quot;',UsedValue='App Finder*'}&#xD;&#xA;+ Passed    If (Error popup after tile clicking)&#xD;&#xA;+ Passed    VA03 | Display Sales Order | Search and open Sales Order&#xD;&#xA;+ Passed     Search and open Sales Order&#xD;&#xA;+ Passed      Application&#xD;&#xA;+ Passed       *&#xD;&#xA;+ Passed        Order {LogInfo='WaitOn was successful.&#xD;&#xA;Expected value == &quot;True&quot;&#xD;&#xA;Actual value: &quot;True&quot;',UsedValue='True'}&#xD;&#xA;+ Passed        Order {UsedValue='1071408577'}&#xD;&#xA;+ Passed        Order {LogInfo='WaitOn was successful.&#xD;&#xA;Expected value == &quot;1071408577&quot;&#xD;&#xA;Actual value: &quot;1071408577&quot;',UsedValue='1071408577'}&#xD;&#xA;+ Passed     Click Continue&#xD;&#xA;+ Passed      Application&#xD;&#xA;+ Passed       *&#xD;&#xA;+ Passed        Continue&#xD;&#xA;+ Passed     Wait for Sales Order to be displayed&#xD;&#xA;+ Passed      Standard Order general overview&#xD;&#xA;+ Passed       Standard Order {LogInfo='WaitOn was successful.&#xD;&#xA;Expected value == &quot;1071408577&quot;&#xD;&#xA;Actual value: &quot;1071408577&quot;',UsedValue='1071408577'}&#xD;&#xA;+ Passed    If (Navigate to Menu, Goto, Item, Schedule Lines - Context Menu version)&#xD;&#xA;+ Passed     Then (with Menu button)&#xD;&#xA;+ Passed      App | Navigate through the Context Menu&#xD;&#xA;+ Passed       Set Buffer&#xD;&#xA;+ Passed        ContextMenuButton {LogInfo='Buffer with name 'ContextMenuButton' has been set to value 'Menu'.',UsedValue='Menu'}&#xD;&#xA;+ Passed        ContextMenuValue {LogInfo='Buffer with name 'ContextMenuValue' has been set to value 'Goto'.',UsedValue='Goto'}&#xD;&#xA;+ Passed       Click the button to open menu&#xD;&#xA;+ Passed        Button [Buffer] {UsedValue='x'}&#xD;&#xA;+ Passed       Navigate to option in Context Menu&#xD;&#xA;+ Passed        NWContextMenu [Buffer]&#xD;&#xA;+ Passed         ContextMenuValue [Buffer] {UsedValue='x'}&#xD;&#xA;+ Passed       Set Buffer&#xD;&#xA;+ Passed        ContextMenuValue {LogInfo='Buffer with name 'ContextMenuValue' has been set to value 'Item'.',UsedValue='Item'}&#xD;&#xA;+ Passed       Navigate to option in Context Menu&#xD;&#xA;+ Passed        NWContextMenu [Buffer]&#xD;&#xA;+ Passed         ContextMenuValue [Buffer] {UsedValue='x'}&#xD;&#xA;+ Passed       Set Buffer&#xD;&#xA;+ Passed        ContextMenuValue {LogInfo='Buffer with name 'ContextMenuValue' has been set to value 'Schedule Lines'.',UsedValue='Schedule Lines'}&#xD;&#xA;+ Passed       Navigate to option in Context Menu&#xD;&#xA;+ Passed        NWContextMenu [Buffer]&#xD;&#xA;+ Passed         ContextMenuValue [Buffer] {UsedValue='x'}&#xD;&#xA;+ Passed    Wait for changing the screen&#xD;&#xA;+ Passed     Standard Order general overview&#xD;&#xA;+ Passed      Customer Reference Date {LogInfo='WaitOn was successful.&#xD;&#xA;Expected value != &quot;True&quot;&#xD;&#xA;Actual value: &quot;False&quot;',UsedValue='True'}&#xD;&#xA;+ Passed    If (Check and save Delivery date)&#xD;&#xA;+ Passed     Else&#xD;&#xA;+ Passed      Set Delivery Block as empty&#xD;&#xA;+ Passed       Schedule lines tab data&#xD;&#xA;+ Passed        Quantities/Dates&#xD;&#xA;+ Passed         $1&#xD;&#xA;+ Passed          Delivery Block {UsedValue='{SENDKEYS[{DEL}{ENTER}]}'}&#xD;&#xA;+ Passed      If (Review Availability Check Result is visible)&#xD;&#xA;+ Passed       Then&#xD;&#xA;+ Passed        Go back&#xD;&#xA;+ Passed         Back {UsedValue='x'}&#xD;&#xA;+ Passed      Buffer Delivery date&#xD;&#xA;+ Passed       Schedule lines tab data&#xD;&#xA;+ Passed        Quantities/Dates&#xD;&#xA;+ Passed         $2&#xD;&#xA;+ Passed          Delivery Date {LogInfo='WaitOn was successful.&#xD;&#xA;Expected value != &quot;&quot;&#xD;&#xA;Actual value: &quot;03.03.2026&quot;'}&#xD;&#xA;+ Passed          Delivery Date {LogInfo='Buffer with name 'DeliveryDate' has been set to value '03.03.2026'.',UsedValue='03.03.2026'}&#xD;&#xA;+ Passed      Set Delivery date&#xD;&#xA;+ Passed       Schedule lines tab data&#xD;&#xA;+ Passed        Quantities/Dates&#xD;&#xA;+ Passed         $1&#xD;&#xA;+ Passed          Delivery Date {UsedValue='03.03.2026{ENTER}'}&#xD;&#xA;+ Passed          Delivery Date {LogInfo='WaitOn was successful.&#xD;&#xA;Expected value == &quot;03.03.2026&quot;&#xD;&#xA;Actual value: &quot;03.03.2026&quot;',UsedValue='03.03.2026'}&#xD;&#xA;+ Passed      Click Save button&#xD;&#xA;+ Passed       Save {LogInfo='WaitOn was successful.&#xD;&#xA;Expected value == &quot;True&quot;&#xD;&#xA;Actual value: &quot;True&quot;',UsedValue='True'}&#xD;&#xA;+ Passed       Save&#xD;&#xA;+ Passed      App | Verify Status bar Message&#xD;&#xA;+ Passed       Verify Message&#xD;&#xA;+ Passed        SAP Statusbar {LogInfo='WaitOn was successful.&#xD;&#xA;Expected value == &quot;True&quot;&#xD;&#xA;Actual value: &quot;True&quot;',UsedValue='True'}&#xD;&#xA;+ Passed        SAP Statusbar {LogInfo='Verification was successful.&#xD;&#xA;Expression: &quot;== **has been saved.*&quot;&#xD;&#xA;Actual value: &quot;Standard Order 1071408577 has been saved.&quot;',UsedValue='**has been saved.*'}&#xD;&#xA;+ Passed   10. Logout from system&#xD;&#xA;+ Passed    Logout and close the browser&#xD;&#xA;+ Passed     Click User Profile icon&#xD;&#xA;+ Passed      User Profile section&#xD;&#xA;+ Passed       User icon&#xD;&#xA;+ Passed     If (additional check for better stability&#xD;&#xA;+ Passed     Click Sign Out&#xD;&#xA;+ Passed      Sign Out {LogInfo='WaitOn was successful.&#xD;&#xA;Expected value == &quot;True&quot;&#xD;&#xA;Actual value: &quot;True&quot;',UsedValue='True'}&#xD;&#xA;+ Passed      Sign Out&#xD;&#xA;+ Passed     Confirm logout on the popup&#xD;&#xA;+ Passed      Sign Out {LogInfo='WaitOn was successful.&#xD;&#xA;Expected value == &quot;True&quot;&#xD;&#xA;Actual value: &quot;True&quot;',UsedValue='True'}&#xD;&#xA;+ Passed       OK {UsedValue='x'}&#xD;&#xA;+ Passed     Wait for Logout Page&#xD;&#xA;+ Passed      Re-Login {LogInfo='WaitOn was successful.&#xD;&#xA;Expected value == &quot;True&quot;&#xD;&#xA;Actual value: &quot;True&quot;',UsedValue='True'}&#xD;&#xA;+ Passed     Close the browser&#xD;&#xA;+ Passed      Operation {LogInfo='Operation 'Close' has been performed successfully on window with caption 'Logout Page*'.'}&#xD;&#xA;+ Passed      Operation {LogInfo='Operation 'Wait On Close' has been performed successfully on window with caption 'Logout Page*'.'}&#xD;&#xA;&#xD;&#xA;+ Passed  Postconditions&#xD;&#xA;+ Passed   Send data to TDS - CS_02_01_001 Create Sales Order (manual standard)&#xD;&#xA;+ Passed    TestData - Find&#xD;&#xA;+ Passed    TestData - Update&#xD;&#xA;+ Passed   Send data to TDS - CS_04_01_001 Create Delivery with Order Reference&#xD;&#xA;+ Passed    TestData - Find&#xD;&#xA;+ Passed    TestData - Update&#xD;&#xA;+ Passed   Send data to TDS - CS_04_01_026 Manual PGI update in SHIFT Outbound Delivery&#xD;&#xA;+ Passed    TestData - Find&#xD;&#xA;+ Passed    TestData - Update&#xD;&#xA;+ Passed   Send data to TDS - CS_01_01_029 Sales order from CCM_INTERFACE SHIFT&#xD;&#xA;+ Passed    TestData - Find&#xD;&#xA;+ Passed    TestData - Update&#xD;&#xA;+ Passed   Send data to TDS - CS_06_02T01_084 Check Advance Return Order&#xD;&#xA;+ Passed    TestData - Find&#xD;&#xA;+ Passed    TestData - Update&#xD;&#xA;&#xD;&#xA;" />
    <testcase name="CS_04_01_001 Create Delivery with Order Reference" time="224.785996" timestamp="2026-02-24T10:07:16.1103129+01:00" log="+ Passed CS_04_01_001 Create Delivery with Order Reference&#xD;&#xA;+ Passed  Preconditions&#xD;&#xA;+ Passed   Delete Buffers {LogInfo='Successfully deleted all Buffers!'}&#xD;&#xA;+ Passed   Set Buffer for TDS Data Repository&#xD;&#xA;+ Passed    TDSRepository {LogInfo='Buffer with name 'TDSRepository' has been set to value 'A2R'.',UsedValue='A2R'}&#xD;&#xA;+ Passed   App | Fetch Data from TDS&#xD;&#xA;+ Passed    TestData - Read data&#xD;&#xA;+ Passed   Set Buffers&#xD;&#xA;+ Passed    SalesOrderNumber {LogInfo='Buffer with name 'SalesOrderNumber' has been set to value '1071408577'.',UsedValue='1071408577'}&#xD;&#xA;+ Passed    ShippingPoint {LogInfo='Buffer with name 'ShippingPoint' has been set to value 'ITD2'.',UsedValue='ITD2'}&#xD;&#xA;+ Passed    DeliveryDate {LogInfo='Buffer with name 'DeliveryDate' has been set to value '03.03.2026'.',UsedValue='03.03.2026'}&#xD;&#xA;&#xD;&#xA;+ Passed  Process&#xD;&#xA;+ Passed   1. Login &#xD;&#xA;+ Passed    App | Login without SSO | User from TDS&#xD;&#xA;+ Passed     Set Buffer for Users TDS Repository&#xD;&#xA;+ Passed      TDSRepository {LogInfo='Buffer with name 'TDSRepository' has been set to value 'Users'.',UsedValue='Users'}&#xD;&#xA;+ Passed     TestData - Find &amp; provide item&#xD;&#xA;+ Passed     Open Url {LogInfo='Opened https://ppdpolaris.sanofi.com:44350/sap/bc/ui5_ui5/ui2/ushell/shells/abap/FioriLaunchpad.html?saml2=disabled#sap-client=100#Shell-home in Edge, in a new tab.'}&#xD;&#xA;+ Passed     Wait for browser to open and maximize the window&#xD;&#xA;+ Passed      Operation {LogInfo='Operation 'Wait On Open' has been performed successfully on window with caption '*.sanofi.com:44350/sap*'.'}&#xD;&#xA;+ Passed      Operation {LogInfo='Operation 'Maximize' has been performed successfully on window with caption '*.sanofi.com:44350/sap*'.'}&#xD;&#xA;+ Passed     Click Cancel on Windows Security popup&#xD;&#xA;+ Passed      Sign in to access this site {LogInfo='WaitOn was successful.&#xD;&#xA;Expected value == &quot;True&quot;&#xD;&#xA;Actual value: &quot;True&quot;',UsedValue='True'}&#xD;&#xA;+ Passed      Cancel {UsedValue='x'}&#xD;&#xA;+ Passed     Provide credentials and log on&#xD;&#xA;+ Passed      User {LogInfo='WaitOn was successful.&#xD;&#xA;Expected value == &quot;True&quot;&#xD;&#xA;Actual value: &quot;True&quot;',UsedValue='True'}&#xD;&#xA;+ Passed      User {UsedValue='{SENDKEYS[^{END}^(+{HOME}){DELETE}]}{TEXTINPUT[ART-CS-156]}'}&#xD;&#xA;+ Passed      Password {UsedValue='{SENDKEYS[^{END}^(+{HOME}){DELETE}]}{TEXTINPUT[PolarisTest@26!]}'}&#xD;&#xA;+ Passed      Language {UsedValue='EN - English'}&#xD;&#xA;+ Passed      Log On&#xD;&#xA;+ Passed     If (Error popup after login is displayed)&#xD;&#xA;+ Passed      Then&#xD;&#xA;+ Passed       Click Close button&#xD;&#xA;+ Passed        Error&#xD;&#xA;+ Passed         Close {UsedValue='x'}&#xD;&#xA;+ Passed     Wait for User Profile icon&#xD;&#xA;+ Passed      User Profile section&#xD;&#xA;+ Passed       User icon {LogInfo='WaitOn was successful.&#xD;&#xA;Expected value == &quot;True&quot;&#xD;&#xA;Actual value: &quot;True&quot;',UsedValue='True'}&#xD;&#xA;+ Passed     Display user info and take a screenshot&#xD;&#xA;+ Passed      Wait {LogInfo='Waited for 5000ms.'}&#xD;&#xA;+ Passed      Click User Profile icon&#xD;&#xA;+ Passed       User Profile section&#xD;&#xA;+ Passed        User icon&#xD;&#xA;+ Passed        User icon {LogInfo='WaitOn was successful.&#xD;&#xA;Expected value == &quot;True&quot;&#xD;&#xA;Actual value: &quot;True&quot;',UsedValue='True'}&#xD;&#xA;+ Passed      Wait {LogInfo='Waited for 1000ms.'}&#xD;&#xA;+ Passed      Take Screenshot {LogInfo='The screenshot successfully saved in '\\A11FLSCIFS\Tosca_Screenshots\26\2\24\Opella_20260224100756_20260224100756865.png''}&#xD;&#xA;+ Passed      Wait {LogInfo='Waited for 1000ms.'}&#xD;&#xA;+ Passed      Unclick to hide a floating window&#xD;&#xA;+ Passed       Navigate to Home Page&#xD;&#xA;+ Passed     TestData - Expert module&#xD;&#xA;+ Passed     Set Buffer for Stream (Data) Repository&#xD;&#xA;+ Passed      TDSRepository {LogInfo='Buffer with name 'TDSRepository' has been set to value 'A2R'.',UsedValue='A2R'}&#xD;&#xA;+ Passed   2. Open VA03 Application Display Sales Order&#xD;&#xA;+ Passed    App | Find and open the app&#xD;&#xA;+ Passed     Set Buffers&#xD;&#xA;+ Passed      AppToFind {LogInfo='Buffer with name 'AppToFind' has been set to value 'Display Sales Orders'.',UsedValue='Display Sales Orders'}&#xD;&#xA;+ Passed      Subtitle {LogInfo='Buffer with name 'Subtitle' has been set to value 'VA03'.',UsedValue='VA03'}&#xD;&#xA;+ Passed     Go to App Finder&#xD;&#xA;+ Passed      [Technical Wait for Page to Refresh] Wait for 2s {LogInfo='Waited for 2000ms.'}&#xD;&#xA;+ Passed      Do (Go to App Finder)&#xD;&#xA;+ Passed      Click in App Finder&#xD;&#xA;+ Passed       App Finder&#xD;&#xA;+ Passed      Wait till Catalog Menu is Visible&#xD;&#xA;+ Passed       Catalog {LogInfo='WaitOn was successful.&#xD;&#xA;Expected value == &quot;True&quot;&#xD;&#xA;Actual value: &quot;True&quot;',UsedValue='True'}&#xD;&#xA;+ Passed     SAP Menu&#xD;&#xA;+ Passed      Click on SAP Menu&#xD;&#xA;+ Passed       SAP Menu {UsedValue='X'}&#xD;&#xA;+ Passed      WaitOn for Page to Load&#xD;&#xA;+ Passed       Elements to WaitOn&#xD;&#xA;+ Passed        Breadcrumb Trail {LogInfo='WaitOn was successful.&#xD;&#xA;Expected value == &quot;True&quot;&#xD;&#xA;Actual value: &quot;True&quot;',UsedValue='True'}&#xD;&#xA;+ Passed      Search for the App&#xD;&#xA;+ Passed       Insert App name &amp; Search&#xD;&#xA;+ Passed        Search in catalog / menu input {LogInfo='WaitOn was successful.&#xD;&#xA;Expected value == &quot;True&quot;&#xD;&#xA;Actual value: &quot;True&quot;',UsedValue='True'}&#xD;&#xA;+ Passed        Search in catalog / menu input {UsedValue='{SENDKEYS[^{END}^(+{HOME}){DELETE}]}{TEXTINPUT[Display Sales Orders]}{ENTER}'}&#xD;&#xA;+ Passed      When First Matching Tile To Open and No Similar Named Tiles Displayed&#xD;&#xA;+ Passed       Title with Subtitle&#xD;&#xA;+ Passed        Click the proper tile&#xD;&#xA;+ Passed        Delete Subtitle Buffer&#xD;&#xA;+ Passed         Buffer {LogInfo='Following Buffers were successfully deleted: Subtitle.'}&#xD;&#xA;+ Passed     Wait till App Finder Screen Disappears&#xD;&#xA;+ Passed      Page Button {LogInfo='WaitOn was successful.&#xD;&#xA;Expression: != &quot;App Finder*&quot;&#xD;&#xA;Actual value: &quot;Home&quot;',UsedValue='App Finder*'}&#xD;&#xA;+ Passed    If (Error popup after tile clicking)&#xD;&#xA;+ Passed     Then&#xD;&#xA;+ Passed      Error popup after tile clicking id displayed&#xD;&#xA;+ Passed       Error&#xD;&#xA;+ Passed        Close {UsedValue='x'}&#xD;&#xA;+ Passed      App | Find and open the app&#xD;&#xA;+ Passed       Set Buffers&#xD;&#xA;+ Passed        AppToFind {LogInfo='Buffer with name 'AppToFind' has been set to value 'Display Sales Orders'.',UsedValue='Display Sales Orders'}&#xD;&#xA;+ Passed        Subtitle {LogInfo='Buffer with name 'Subtitle' has been set to value 'VA03'.',UsedValue='VA03'}&#xD;&#xA;+ Passed       Go to App Finder&#xD;&#xA;+ Passed        [Technical Wait for Page to Refresh] Wait for 2s {LogInfo='Waited for 2000ms.'}&#xD;&#xA;+ Passed        Do (Go to App Finder)&#xD;&#xA;+ Passed        Click in App Finder&#xD;&#xA;+ Passed         App Finder&#xD;&#xA;+ Passed        Wait till Catalog Menu is Visible&#xD;&#xA;+ Passed         Catalog {LogInfo='WaitOn was successful.&#xD;&#xA;Expected value == &quot;True&quot;&#xD;&#xA;Actual value: &quot;True&quot;',UsedValue='True'}&#xD;&#xA;+ Passed       SAP Menu&#xD;&#xA;+ Passed        Click on SAP Menu&#xD;&#xA;+ Passed         SAP Menu {UsedValue='X'}&#xD;&#xA;+ Passed        WaitOn for Page to Load&#xD;&#xA;+ Passed         Elements to WaitOn&#xD;&#xA;+ Passed          Breadcrumb Trail {LogInfo='WaitOn was successful.&#xD;&#xA;Expected value == &quot;True&quot;&#xD;&#xA;Actual value: &quot;True&quot;',UsedValue='True'}&#xD;&#xA;+ Passed        Search for the App&#xD;&#xA;+ Passed         Insert App name &amp; Search&#xD;&#xA;+ Passed          Search in catalog / menu input {LogInfo='WaitOn was successful.&#xD;&#xA;Expected value == &quot;True&quot;&#xD;&#xA;Actual value: &quot;True&quot;',UsedValue='True'}&#xD;&#xA;+ Passed          Search in catalog / menu input {UsedValue='{SENDKEYS[^{END}^(+{HOME}){DELETE}]}{TEXTINPUT[Display Sales Orders]}{ENTER}'}&#xD;&#xA;+ Passed        When First Matching Tile To Open and No Similar Named Tiles Displayed&#xD;&#xA;+ Passed         Title with Subtitle&#xD;&#xA;+ Passed          Click the proper tile&#xD;&#xA;+ Passed          Delete Subtitle Buffer&#xD;&#xA;+ Passed           Buffer {LogInfo='Following Buffers were successfully deleted: Subtitle.'}&#xD;&#xA;+ Passed       Wait till App Finder Screen Disappears&#xD;&#xA;+ Passed        Page Button {LogInfo='WaitOn was successful.&#xD;&#xA;Expression: != &quot;App Finder*&quot;&#xD;&#xA;Actual value: &quot;Display Sales Documents&quot;',UsedValue='App Finder*'}&#xD;&#xA;+ Passed   3. Enter the sales order number and click on Execute.&#xD;&#xA;+ Passed    VA03 | Display Sales Order | Search and open Sales Order&#xD;&#xA;+ Passed     Search and open Sales Order&#xD;&#xA;+ Passed      Application&#xD;&#xA;+ Passed       *&#xD;&#xA;+ Passed        Order {LogInfo='WaitOn was successful.&#xD;&#xA;Expected value == &quot;True&quot;&#xD;&#xA;Actual value: &quot;True&quot;',UsedValue='True'}&#xD;&#xA;+ Passed        Order {UsedValue='1071408577'}&#xD;&#xA;+ Passed        Order {LogInfo='WaitOn was successful.&#xD;&#xA;Expected value == &quot;1071408577&quot;&#xD;&#xA;Actual value: &quot;1071408577&quot;',UsedValue='1071408577'}&#xD;&#xA;+ Passed     Take screenshot&#xD;&#xA;+ Passed      Wait {LogInfo='Waited for 1000ms.'}&#xD;&#xA;+ Passed      Take Screenshot {LogInfo='The screenshot successfully saved in '\\A11FLSCIFS\Tosca_Screenshots\26\2\24\Opella_20260224100832_20260224100832618.png''}&#xD;&#xA;+ Passed     Click Continue&#xD;&#xA;+ Passed      Application&#xD;&#xA;+ Passed       *&#xD;&#xA;+ Passed        Continue&#xD;&#xA;+ Passed     Wait for Sales Order to be displayed&#xD;&#xA;+ Passed      Standard Order general overview&#xD;&#xA;+ Passed       Standard Order {LogInfo='WaitOn was successful.&#xD;&#xA;Expected value == &quot;1071408577&quot;&#xD;&#xA;Actual value: &quot;1071408577&quot;',UsedValue='1071408577'}&#xD;&#xA;+ Passed    Print Buffers&#xD;&#xA;+ Passed     Sales Order Number {LogInfo='Buffer with name 'Sales Order Number' has been set to value '1071408577'.',UsedValue='1071408577'}&#xD;&#xA;+ Passed   4. Display Document Flow&#xD;&#xA;+ Passed    Click Display Document Flow&#xD;&#xA;+ Passed     Top bar&#xD;&#xA;+ Passed      Display Document Flow {LogInfo='WaitOn was successful.&#xD;&#xA;Expected value == &quot;True&quot;&#xD;&#xA;Actual value: &quot;True&quot;',UsedValue='True'}&#xD;&#xA;+ Passed      Display Document Flow&#xD;&#xA;+ Passed    Wait to take screenshot&#xD;&#xA;+ Passed     Table {LogInfo='WaitOn was successful.&#xD;&#xA;Expected value == &quot;True&quot;&#xD;&#xA;Actual value: &quot;True&quot;',UsedValue='True'}&#xD;&#xA;+ Passed    Take Screenshot {LogInfo='The screenshot successfully saved in '\\A11FLSCIFS\Tosca_Screenshots\26\2\24\Opella_20260224100846_20260224100846092.png''}&#xD;&#xA;+ Passed   5. Verify if Outbound Delivery is created&#xD;&#xA;+ Passed    If (Verify Outbound Delivery is Shown)&#xD;&#xA;+ Passed     Else&#xD;&#xA;+ Passed      Take Screenshot {LogInfo='The screenshot successfully saved in '\\A11FLSCIFS\Tosca_Screenshots\26\2\24\Opella_20260224100921_20260224100921232.png''}&#xD;&#xA;+ Passed      Set Technical Buffer&#xD;&#xA;+ Passed       VL01N_needed {LogInfo='Buffer with name 'VL01N_needed' has been set to value 'Yes'.',UsedValue='Yes'}&#xD;&#xA;+ Passed   If (VL01N is needed)&#xD;&#xA;+ Passed    Then&#xD;&#xA;+ Passed     6. Open app &quot;Create Outbound Delivery&quot;&#xD;&#xA;+ Passed      App | Find and open the app&#xD;&#xA;+ Passed       Set Buffers&#xD;&#xA;+ Passed        AppToFind {LogInfo='Buffer with name 'AppToFind' has been set to value 'Create Outbound Delivery'.',UsedValue='Create Outbound Delivery'}&#xD;&#xA;+ Passed        Subtitle {LogInfo='Buffer with name 'Subtitle' has been set to value 'With Order Reference'.',UsedValue='With Order Reference'}&#xD;&#xA;+ Passed        IndexTile {LogInfo='Buffer with name 'IndexTile' has been set to value '1'.',UsedValue='1'}&#xD;&#xA;+ Passed        TCode {LogInfo='Buffer with name 'TCode' has been set to value 'VL01N'.',UsedValue='VL01N'}&#xD;&#xA;+ Passed       Go to App Finder&#xD;&#xA;+ Passed        [Technical Wait for Page to Refresh] Wait for 2s {LogInfo='Waited for 2000ms.'}&#xD;&#xA;+ Passed        Do (Go to App Finder)&#xD;&#xA;+ Passed        Click in App Finder&#xD;&#xA;+ Passed         App Finder&#xD;&#xA;+ Passed        Wait till Catalog Menu is Visible&#xD;&#xA;+ Passed         Catalog {LogInfo='WaitOn was successful.&#xD;&#xA;Expected value == &quot;True&quot;&#xD;&#xA;Actual value: &quot;True&quot;',UsedValue='True'}&#xD;&#xA;+ Passed       SAP Menu&#xD;&#xA;+ Passed        Click on SAP Menu&#xD;&#xA;+ Passed         SAP Menu {UsedValue='X'}&#xD;&#xA;+ Passed        WaitOn for Page to Load&#xD;&#xA;+ Passed         Elements to WaitOn&#xD;&#xA;+ Passed          Breadcrumb Trail {LogInfo='WaitOn was successful.&#xD;&#xA;Expected value == &quot;True&quot;&#xD;&#xA;Actual value: &quot;True&quot;',UsedValue='True'}&#xD;&#xA;+ Passed        Search for the App&#xD;&#xA;+ Passed         Insert TCode &amp; Search&#xD;&#xA;+ Passed          Search in catalog / menu input {LogInfo='WaitOn was successful.&#xD;&#xA;Expected value == &quot;True&quot;&#xD;&#xA;Actual value: &quot;True&quot;',UsedValue='True'}&#xD;&#xA;+ Passed          Search in catalog / menu input {UsedValue='{SENDKEYS[^{END}^(+{HOME}){DELETE}]}{TEXTINPUT[VL01N]}{ENTER}'}&#xD;&#xA;+ Passed        # of a Specific Tile To Open (Multiple Tiles with similar name)&#xD;&#xA;+ Passed         Title with Subtitle&#xD;&#xA;+ Passed          Click the proper tile&#xD;&#xA;+ Passed          Delete Subtitle Buffer&#xD;&#xA;+ Passed           Buffer {LogInfo='Following Buffers were successfully deleted: Subtitle.'}&#xD;&#xA;+ Passed         Delete IndexTile Buffer&#xD;&#xA;+ Passed          Buffer {LogInfo='Following Buffers were successfully deleted: IndexTile.'}&#xD;&#xA;+ Passed       Wait till App Finder Screen Disappears&#xD;&#xA;+ Passed        Page Button {LogInfo='WaitOn was successful.&#xD;&#xA;Expression: != &quot;App Finder*&quot;&#xD;&#xA;Actual value: &quot;VL01N&quot;',UsedValue='App Finder*'}&#xD;&#xA;+ Passed      If (Error popup after tile clicking)&#xD;&#xA;+ Passed     7. Enter data and save Outbound Delivery&#xD;&#xA;+ Passed      VL01N | Create Outbound Delivery with Order Reference | Create Delivery&#xD;&#xA;+ Passed       Set Buffer&#xD;&#xA;+ Passed        Shipping Point {LogInfo='Buffer with name 'Shipping Point' has been set to value 'ITD2'.',UsedValue='ITD2'}&#xD;&#xA;+ Passed        Selection Date {LogInfo='Buffer with name 'Selection Date' has been set to value '03.03.2026'.',UsedValue='03.03.2026'}&#xD;&#xA;+ Passed        Order {LogInfo='Buffer with name 'Order' has been set to value '1071408577'.',UsedValue='1071408577'}&#xD;&#xA;+ Passed       Input data&#xD;&#xA;+ Passed        Shipping Point {LogInfo='WaitOn was successful.&#xD;&#xA;Expected value == &quot;True&quot;&#xD;&#xA;Actual value: &quot;True&quot;',UsedValue='True'}&#xD;&#xA;+ Passed        Shipping Point {UsedValue='{SENDKEYS[^{END}^(+{HOME}){DELETE}]}{TEXTINPUT[ITD2]}'}&#xD;&#xA;+ Passed        Sales Order Data&#xD;&#xA;+ Passed         Selection Date {UsedValue='03.03.2026'}&#xD;&#xA;+ Passed         Order {UsedValue='1071408577'}&#xD;&#xA;+ Passed         Order {LogInfo='WaitOn was successful.&#xD;&#xA;Expected value == &quot;1071408577&quot;&#xD;&#xA;Actual value: &quot;1071408577&quot;',UsedValue='1071408577'}&#xD;&#xA;+ Passed       Take Screenshot {LogInfo='The screenshot successfully saved in '\\A11FLSCIFS\Tosca_Screenshots\26\2\24\Opella_20260224100936_20260224100936215.png''}&#xD;&#xA;+ Passed       Click Continue button&#xD;&#xA;+ Passed        Continue {UsedValue='x'}&#xD;&#xA;+ Passed       Wait for Outbound Delivery screen&#xD;&#xA;+ Passed        Outbound Deliv. {LogInfo='WaitOn was successful.&#xD;&#xA;Expected value == &quot;True&quot;&#xD;&#xA;Actual value: &quot;True&quot;',UsedValue='True'}&#xD;&#xA;+ Passed       Take Screenshot {LogInfo='The screenshot successfully saved in '\\A11FLSCIFS\Tosca_Screenshots\26\2\24\Opella_20260224100940_20260224100940589.png''}&#xD;&#xA;+ Passed       Click Save button&#xD;&#xA;+ Passed        Save&#xD;&#xA;+ Passed       If (PDF file is displayed)&#xD;&#xA;+ Passed       Buffer Outbound Delivery number (Outbound Delivery)&#xD;&#xA;+ Passed        SAP Statusbar {LogInfo='WaitOn was successful.&#xD;&#xA;Expected value == &quot;True&quot;&#xD;&#xA;Actual value: &quot;True&quot;',UsedValue='True'}&#xD;&#xA;+ Passed        SAP Statusbar {LogInfo='Verification was successful.&#xD;&#xA;Expression: &quot;== *Outbound Delivery {XB[OutboundDeliveryNumber]} saved&quot;&#xD;&#xA;Actual value: &quot;Outbound Delivery 5083447844 saved&quot;',UsedValue='*Outbound Delivery {XB[OutboundDeliveryNumber]} saved'}&#xD;&#xA;+ Passed       Take Screenshot {LogInfo='The screenshot successfully saved in '\\A11FLSCIFS\Tosca_Screenshots\26\2\24\Opella_20260224101016_20260224101016845.png''}&#xD;&#xA;+ Passed       Click on Exit&#xD;&#xA;+ Passed        Top bar&#xD;&#xA;+ Passed         Exit {UsedValue='x'}&#xD;&#xA;+ Passed      Print Buffers&#xD;&#xA;+ Passed       Shipping Point {LogInfo='Buffer with name 'Shipping Point' has been set to value 'ITD2'.',UsedValue='ITD2'}&#xD;&#xA;+ Passed       Selection Date {LogInfo='Buffer with name 'Selection Date' has been set to value '03.03.2026'.',UsedValue='03.03.2026'}&#xD;&#xA;+ Passed       Order {LogInfo='Buffer with name 'Order' has been set to value '1071408577'.',UsedValue='1071408577'}&#xD;&#xA;+ Passed       Outbound Delivery Number {LogInfo='Buffer with name 'Outbound Delivery Number' has been set to value '5083447844'.',UsedValue='5083447844'}&#xD;&#xA;+ Passed     8. Display Sales Order&#xD;&#xA;+ Passed      App | Find and open the app&#xD;&#xA;+ Passed       Set Buffers&#xD;&#xA;+ Passed        AppToFind {LogInfo='Buffer with name 'AppToFind' has been set to value 'Display Sales Orders'.',UsedValue='Display Sales Orders'}&#xD;&#xA;+ Passed        Subtitle {LogInfo='Buffer with name 'Subtitle' has been set to value 'VA03'.',UsedValue='VA03'}&#xD;&#xA;+ Passed       Go to App Finder&#xD;&#xA;+ Passed        [Technical Wait for Page to Refresh] Wait for 2s {LogInfo='Waited for 2000ms.'}&#xD;&#xA;+ Passed        Do (Go to App Finder)&#xD;&#xA;+ Passed        Click in App Finder&#xD;&#xA;+ Passed         App Finder&#xD;&#xA;+ Passed        Wait till Catalog Menu is Visible&#xD;&#xA;+ Passed         Catalog {LogInfo='WaitOn was successful.&#xD;&#xA;Expected value == &quot;True&quot;&#xD;&#xA;Actual value: &quot;True&quot;',UsedValue='True'}&#xD;&#xA;+ Passed       SAP Menu&#xD;&#xA;+ Passed        Click on SAP Menu&#xD;&#xA;+ Passed         SAP Menu {UsedValue='X'}&#xD;&#xA;+ Passed        WaitOn for Page to Load&#xD;&#xA;+ Passed         Elements to WaitOn&#xD;&#xA;+ Passed          Breadcrumb Trail {LogInfo='WaitOn was successful.&#xD;&#xA;Expected value == &quot;True&quot;&#xD;&#xA;Actual value: &quot;True&quot;',UsedValue='True'}&#xD;&#xA;+ Passed        Search for the App&#xD;&#xA;+ Passed         Insert App name &amp; Search&#xD;&#xA;+ Passed          Search in catalog / menu input {LogInfo='WaitOn was successful.&#xD;&#xA;Expected value == &quot;True&quot;&#xD;&#xA;Actual value: &quot;True&quot;',UsedValue='True'}&#xD;&#xA;+ Passed          Search in catalog / menu input {UsedValue='{SENDKEYS[^{END}^(+{HOME}){DELETE}]}{TEXTINPUT[Display Sales Orders]}{ENTER}'}&#xD;&#xA;+ Passed        When First Matching Tile To Open and No Similar Named Tiles Displayed&#xD;&#xA;+ Passed         Title with Subtitle&#xD;&#xA;+ Passed          Click the proper tile&#xD;&#xA;+ Passed          Delete Subtitle Buffer&#xD;&#xA;+ Passed           Buffer {LogInfo='Following Buffers were successfully deleted: Subtitle.'}&#xD;&#xA;+ Passed       Wait till App Finder Screen Disappears&#xD;&#xA;+ Passed        Page Button {LogInfo='WaitOn was successful.&#xD;&#xA;Expression: != &quot;App Finder*&quot;&#xD;&#xA;Actual value: &quot;VA03&quot;',UsedValue='App Finder*'}&#xD;&#xA;+ Passed      VA03 | Display Sales Order | Search and open Sales Order&#xD;&#xA;+ Passed       Search and open Sales Order&#xD;&#xA;+ Passed        Application&#xD;&#xA;+ Passed         *&#xD;&#xA;+ Passed          Order {LogInfo='WaitOn was successful.&#xD;&#xA;Expected value == &quot;True&quot;&#xD;&#xA;Actual value: &quot;True&quot;',UsedValue='True'}&#xD;&#xA;+ Passed          Order {UsedValue='1071408577'}&#xD;&#xA;+ Passed          Order {LogInfo='WaitOn was successful.&#xD;&#xA;Expected value == &quot;1071408577&quot;&#xD;&#xA;Actual value: &quot;1071408577&quot;',UsedValue='1071408577'}&#xD;&#xA;+ Passed       Click Continue&#xD;&#xA;+ Passed        Application&#xD;&#xA;+ Passed         *&#xD;&#xA;+ Passed          Continue&#xD;&#xA;+ Passed       Wait for Sales Order to be displayed&#xD;&#xA;+ Passed        Standard Order general overview&#xD;&#xA;+ Passed         Standard Order {LogInfo='WaitOn was successful.&#xD;&#xA;Expected value == &quot;1071408577&quot;&#xD;&#xA;Actual value: &quot;1071408577&quot;',UsedValue='1071408577'}&#xD;&#xA;+ Passed      Take Screenshot {LogInfo='The screenshot successfully saved in '\\A11FLSCIFS\Tosca_Screenshots\26\2\24\Opella_20260224101037_20260224101037089.png''}&#xD;&#xA;+ Passed      Print Buffers&#xD;&#xA;+ Passed       Sales Order Number {LogInfo='Buffer with name 'Sales Order Number' has been set to value '1071408577'.',UsedValue='1071408577'}&#xD;&#xA;+ Passed     9. Verify Outbound Delivery Number&#xD;&#xA;+ Passed      Click Display Document Flow&#xD;&#xA;+ Passed       Top bar&#xD;&#xA;+ Passed        Display Document Flow {LogInfo='WaitOn was successful.&#xD;&#xA;Expected value == &quot;True&quot;&#xD;&#xA;Actual value: &quot;True&quot;',UsedValue='True'}&#xD;&#xA;+ Passed        Display Document Flow&#xD;&#xA;+ Passed      Verify Outbound Delivery is Shown&#xD;&#xA;+ Passed       Table {LogInfo='WaitOn was successful.&#xD;&#xA;Expected value == &quot;True&quot;&#xD;&#xA;Actual value: &quot;True&quot;',UsedValue='True'}&#xD;&#xA;+ Passed        &lt;Row&gt;&#xD;&#xA;+ Passed         Document {LogInfo='Verification was successful.&#xD;&#xA;Expression: &quot;== *Outbound Delivery 5083447844 *&quot;&#xD;&#xA;Actual value: &quot;Level 1Outbound Delivery 5083447844 / 10 Press ALT + F7 to start navigation through items. To move through items, use the left and right arrow keys. Press again ALT + F7 to quit the navigation.&quot;',UsedValue='*Outbound Delivery 5083447844 *'}&#xD;&#xA;+ Passed      Take Screenshot {LogInfo='The screenshot successfully saved in '\\A11FLSCIFS\Tosca_Screenshots\26\2\24\Opella_20260224101047_20260224101047240.png''}&#xD;&#xA;+ Passed      Print Buffers&#xD;&#xA;+ Passed       Outbound Delivery Number {LogInfo='Buffer with name 'Outbound Delivery Number' has been set to value '5083447844'.',UsedValue='5083447844'}&#xD;&#xA;+ Passed   10. Logout from system.&#xD;&#xA;+ Passed    Logout and close the browser&#xD;&#xA;+ Passed     Click User Profile icon&#xD;&#xA;+ Passed      User Profile section&#xD;&#xA;+ Passed       User icon&#xD;&#xA;+ Passed     If (additional check for better stability&#xD;&#xA;+ Passed     Click Sign Out&#xD;&#xA;+ Passed      Sign Out {LogInfo='WaitOn was successful.&#xD;&#xA;Expected value == &quot;True&quot;&#xD;&#xA;Actual value: &quot;True&quot;',UsedValue='True'}&#xD;&#xA;+ Passed      Sign Out&#xD;&#xA;+ Passed     Confirm logout on the popup&#xD;&#xA;+ Passed      Sign Out {LogInfo='WaitOn was successful.&#xD;&#xA;Expected value == &quot;True&quot;&#xD;&#xA;Actual value: &quot;True&quot;',UsedValue='True'}&#xD;&#xA;+ Passed       OK {UsedValue='x'}&#xD;&#xA;+ Passed     Wait for Logout Page&#xD;&#xA;+ Passed      Re-Login {LogInfo='WaitOn was successful.&#xD;&#xA;Expected value == &quot;True&quot;&#xD;&#xA;Actual value: &quot;True&quot;',UsedValue='True'}&#xD;&#xA;+ Passed     Close the browser&#xD;&#xA;+ Passed      Operation {LogInfo='Operation 'Close' has been performed successfully on window with caption 'Logout Page*'.'}&#xD;&#xA;+ Passed      Operation {LogInfo='Operation 'Wait On Close' has been performed successfully on window with caption 'Logout Page*'.'}&#xD;&#xA;&#xD;&#xA;+ Passed  Postconditions&#xD;&#xA;+ Passed   Send data to TDS - CS_04_01_001 Create Delivery with Order Reference&#xD;&#xA;+ Passed    TestData - Find&#xD;&#xA;+ Passed    TestData - Update&#xD;&#xA;+ Passed   Send data to TDS - CS_04_01_025 Manual update of the pick_pack in SHIFT Outbound delivery&#xD;&#xA;+ Passed    TestData - Find&#xD;&#xA;+ Passed    TestData - Update&#xD;&#xA;+ Passed   Send data to TDS - CS_04_01_026 Manual PGI update in SHIFT Outbound Delivery&#xD;&#xA;+ Passed    TestData - Find&#xD;&#xA;+ Passed    TestData - Update&#xD;&#xA;+ Passed   Send data to TDS - CS_04_03_001 Create Billing Document (standard)&#xD;&#xA;+ Passed    TestData - Find&#xD;&#xA;+ Passed    TestData - Update&#xD;&#xA;&#xD;&#xA;" />
    <testcase name="CS_04_01_025 Manual update of the pick_pack in SHIFT Outbound delivery" time="118.4122013" timestamp="2026-02-24T10:11:02.7052394+01:00" log="+ Passed CS_04_01_025 Manual update of the pick_pack in SHIFT Outbound delivery&#xD;&#xA;+ Passed  Preconditions&#xD;&#xA;+ Passed   Delete Buffers {LogInfo='Successfully deleted all Buffers!'}&#xD;&#xA;+ Passed   Set Buffer for TDS Data Repository&#xD;&#xA;+ Passed    TDSRepository {LogInfo='Buffer with name 'TDSRepository' has been set to value 'A2R'.',UsedValue='A2R'}&#xD;&#xA;+ Passed   App | Fetch Data from TDS&#xD;&#xA;+ Passed    TestData - Read data&#xD;&#xA;+ Passed   Set Buffers&#xD;&#xA;+ Passed    OutboundDeliveryNumber {LogInfo='Buffer with name 'OutboundDeliveryNumber' has been set to value '5083447844'.',UsedValue='5083447844'}&#xD;&#xA;+ Passed    MaterialNumber {LogInfo='Buffer with name 'MaterialNumber' has been set to value '768037'.',UsedValue='768037'}&#xD;&#xA;+ Passed    Batch {LogInfo='Buffer with name 'Batch' has been set to value 'TESTAUTO'.',UsedValue='TESTAUTO'}&#xD;&#xA;+ Passed    PickedQuantity {LogInfo='Buffer with name 'PickedQuantity' has been set to value '2'.',UsedValue='2'}&#xD;&#xA;&#xD;&#xA;+ Passed  Process&#xD;&#xA;+ Passed   1. Login &#xD;&#xA;+ Passed    App | Login without SSO | User from TDS&#xD;&#xA;+ Passed     Set Buffer for Users TDS Repository&#xD;&#xA;+ Passed      TDSRepository {LogInfo='Buffer with name 'TDSRepository' has been set to value 'Users'.',UsedValue='Users'}&#xD;&#xA;+ Passed     TestData - Find &amp; provide item&#xD;&#xA;+ Passed     Open Url {LogInfo='Opened https://ppdpolaris.sanofi.com:44350/sap/bc/ui5_ui5/ui2/ushell/shells/abap/FioriLaunchpad.html?saml2=disabled#sap-client=100#Shell-home in Edge, in a new tab.'}&#xD;&#xA;+ Passed     Wait for browser to open and maximize the window&#xD;&#xA;+ Passed      Operation {LogInfo='Operation 'Wait On Open' has been performed successfully on window with caption '*.sanofi.com:44350/sap*'.'}&#xD;&#xA;+ Passed      Operation {LogInfo='Operation 'Maximize' has been performed successfully on window with caption '*.sanofi.com:44350/sap*'.'}&#xD;&#xA;+ Passed     Click Cancel on Windows Security popup&#xD;&#xA;+ Passed      Sign in to access this site {LogInfo='WaitOn was successful.&#xD;&#xA;Expected value == &quot;True&quot;&#xD;&#xA;Actual value: &quot;True&quot;',UsedValue='True'}&#xD;&#xA;+ Passed      Cancel {UsedValue='x'}&#xD;&#xA;+ Passed     Provide credentials and log on&#xD;&#xA;+ Passed      User {LogInfo='WaitOn was successful.&#xD;&#xA;Expected value == &quot;True&quot;&#xD;&#xA;Actual value: &quot;True&quot;',UsedValue='True'}&#xD;&#xA;+ Passed      User {UsedValue='{SENDKEYS[^{END}^(+{HOME}){DELETE}]}{TEXTINPUT[ART-CS-156]}'}&#xD;&#xA;+ Passed      Password {UsedValue='{SENDKEYS[^{END}^(+{HOME}){DELETE}]}{TEXTINPUT[PolarisTest@26!]}'}&#xD;&#xA;+ Passed      Language {UsedValue='EN - English'}&#xD;&#xA;+ Passed      Log On&#xD;&#xA;+ Passed     If (Error popup after login is displayed)&#xD;&#xA;+ Passed      Then&#xD;&#xA;+ Passed       Click Close button&#xD;&#xA;+ Passed        Error&#xD;&#xA;+ Passed         Close {UsedValue='x'}&#xD;&#xA;+ Passed     Wait for User Profile icon&#xD;&#xA;+ Passed      User Profile section&#xD;&#xA;+ Passed       User icon {LogInfo='WaitOn was successful.&#xD;&#xA;Expected value == &quot;True&quot;&#xD;&#xA;Actual value: &quot;True&quot;',UsedValue='True'}&#xD;&#xA;+ Passed     Display user info and take a screenshot&#xD;&#xA;+ Passed      Wait {LogInfo='Waited for 5000ms.'}&#xD;&#xA;+ Passed      Click User Profile icon&#xD;&#xA;+ Passed       User Profile section&#xD;&#xA;+ Passed        User icon&#xD;&#xA;+ Passed        User icon {LogInfo='WaitOn was successful.&#xD;&#xA;Expected value == &quot;True&quot;&#xD;&#xA;Actual value: &quot;True&quot;',UsedValue='True'}&#xD;&#xA;+ Passed      Wait {LogInfo='Waited for 1000ms.'}&#xD;&#xA;+ Passed      Take Screenshot {LogInfo='The screenshot successfully saved in '\\A11FLSCIFS\Tosca_Screenshots\26\2\24\Opella_20260224101145_20260224101145711.png''}&#xD;&#xA;+ Passed      Wait {LogInfo='Waited for 1000ms.'}&#xD;&#xA;+ Passed      Unclick to hide a floating window&#xD;&#xA;+ Passed       Navigate to Home Page&#xD;&#xA;+ Passed     TestData - Expert module&#xD;&#xA;+ Passed     Set Buffer for Stream (Data) Repository&#xD;&#xA;+ Passed      TDSRepository {LogInfo='Buffer with name 'TDSRepository' has been set to value 'A2R'.',UsedValue='A2R'}&#xD;&#xA;+ Passed   2. Open Change Outbound Delivery VL02N Transaction&#xD;&#xA;+ Passed    App | Find and open the app&#xD;&#xA;+ Passed     Set Buffers&#xD;&#xA;+ Passed      AppToFind {LogInfo='Buffer with name 'AppToFind' has been set to value 'Change Outbound Delivery'.',UsedValue='Change Outbound Delivery'}&#xD;&#xA;+ Passed      TCode {LogInfo='Buffer with name 'TCode' has been set to value 'VL02N'.',UsedValue='VL02N'}&#xD;&#xA;+ Passed     Go to App Finder&#xD;&#xA;+ Passed      [Technical Wait for Page to Refresh] Wait for 2s {LogInfo='Waited for 2000ms.'}&#xD;&#xA;+ Passed      Do (Go to App Finder)&#xD;&#xA;+ Passed      Click in App Finder&#xD;&#xA;+ Passed       App Finder&#xD;&#xA;+ Passed      Wait till Catalog Menu is Visible&#xD;&#xA;+ Passed       Catalog {LogInfo='WaitOn was successful.&#xD;&#xA;Expected value == &quot;True&quot;&#xD;&#xA;Actual value: &quot;True&quot;',UsedValue='True'}&#xD;&#xA;+ Passed     SAP Menu&#xD;&#xA;+ Passed      Click on SAP Menu&#xD;&#xA;+ Passed       SAP Menu {UsedValue='X'}&#xD;&#xA;+ Passed      WaitOn for Page to Load&#xD;&#xA;+ Passed       Elements to WaitOn&#xD;&#xA;+ Passed        Breadcrumb Trail {LogInfo='WaitOn was successful.&#xD;&#xA;Expected value == &quot;True&quot;&#xD;&#xA;Actual value: &quot;True&quot;',UsedValue='True'}&#xD;&#xA;+ Passed      Search for the App&#xD;&#xA;+ Passed       Insert TCode &amp; Search&#xD;&#xA;+ Passed        Search in catalog / menu input {LogInfo='WaitOn was successful.&#xD;&#xA;Expected value == &quot;True&quot;&#xD;&#xA;Actual value: &quot;True&quot;',UsedValue='True'}&#xD;&#xA;+ Passed        Search in catalog / menu input {UsedValue='{SENDKEYS[^{END}^(+{HOME}){DELETE}]}{TEXTINPUT[VL02N]}{ENTER}'}&#xD;&#xA;+ Passed      When First Matching Tile To Open and No Similar Named Tiles Displayed&#xD;&#xA;+ Passed       Title Only&#xD;&#xA;+ Passed        Click the proper tile&#xD;&#xA;+ Passed     Wait till App Finder Screen Disappears&#xD;&#xA;+ Passed      Page Button {LogInfo='WaitOn was successful.&#xD;&#xA;Expression: != &quot;App Finder*&quot;&#xD;&#xA;Actual value: &quot;Home&quot;',UsedValue='App Finder*'}&#xD;&#xA;+ Passed    If (Error popup after tile clicking)&#xD;&#xA;+ Passed     Then&#xD;&#xA;+ Passed      Error popup after tile clicking id displayed&#xD;&#xA;+ Passed       Error&#xD;&#xA;+ Passed        Close {UsedValue='x'}&#xD;&#xA;+ Passed      App | Find and open the app&#xD;&#xA;+ Passed       Set Buffers&#xD;&#xA;+ Passed        AppToFind {LogInfo='Buffer with name 'AppToFind' has been set to value 'Change Outbound Delivery'.',UsedValue='Change Outbound Delivery'}&#xD;&#xA;+ Passed        TCode {LogInfo='Buffer with name 'TCode' has been set to value 'VL02N'.',UsedValue='VL02N'}&#xD;&#xA;+ Passed       Go to App Finder&#xD;&#xA;+ Passed        [Technical Wait for Page to Refresh] Wait for 2s {LogInfo='Waited for 2000ms.'}&#xD;&#xA;+ Passed        Do (Go to App Finder)&#xD;&#xA;+ Passed        Click in App Finder&#xD;&#xA;+ Passed         App Finder&#xD;&#xA;+ Passed        Wait till Catalog Menu is Visible&#xD;&#xA;+ Passed         Catalog {LogInfo='WaitOn was successful.&#xD;&#xA;Expected value == &quot;True&quot;&#xD;&#xA;Actual value: &quot;True&quot;',UsedValue='True'}&#xD;&#xA;+ Passed       SAP Menu&#xD;&#xA;+ Passed        Click on SAP Menu&#xD;&#xA;+ Passed         SAP Menu {UsedValue='X'}&#xD;&#xA;+ Passed        WaitOn for Page to Load&#xD;&#xA;+ Passed         Elements to WaitOn&#xD;&#xA;+ Passed          Breadcrumb Trail {LogInfo='WaitOn was successful.&#xD;&#xA;Expected value == &quot;True&quot;&#xD;&#xA;Actual value: &quot;True&quot;',UsedValue='True'}&#xD;&#xA;+ Passed        Search for the App&#xD;&#xA;+ Passed         Insert TCode &amp; Search&#xD;&#xA;+ Passed          Search in catalog / menu input {LogInfo='WaitOn was successful.&#xD;&#xA;Expected value == &quot;True&quot;&#xD;&#xA;Actual value: &quot;True&quot;',UsedValue='True'}&#xD;&#xA;+ Passed          Search in catalog / menu input {UsedValue='{SENDKEYS[^{END}^(+{HOME}){DELETE}]}{TEXTINPUT[VL02N]}{ENTER}'}&#xD;&#xA;+ Passed        When First Matching Tile To Open and No Similar Named Tiles Displayed&#xD;&#xA;+ Passed         Title Only&#xD;&#xA;+ Passed          Click the proper tile&#xD;&#xA;+ Passed       Wait till App Finder Screen Disappears&#xD;&#xA;+ Passed        Page Button {LogInfo='WaitOn was successful.&#xD;&#xA;Expression: != &quot;App Finder*&quot;&#xD;&#xA;Actual value: &quot;Change Outbound Delivery&quot;',UsedValue='App Finder*'}&#xD;&#xA;+ Passed   3. Enter the Document Number and click on Continue&#xD;&#xA;+ Passed    VL03N | Display Outbound Delivery | Search and open Outbound Delivery&#xD;&#xA;+ Passed     Enter Outbound Delivery number&#xD;&#xA;+ Passed      Outbound Delivery {LogInfo='WaitOn was successful.&#xD;&#xA;Expected value == &quot;True&quot;&#xD;&#xA;Actual value: &quot;True&quot;',UsedValue='True'}&#xD;&#xA;+ Passed      Outbound Delivery {UsedValue='5083447844'}&#xD;&#xA;+ Passed      Outbound Delivery {LogInfo='WaitOn was successful.&#xD;&#xA;Expected value == &quot;5083447844&quot;&#xD;&#xA;Actual value: &quot;5083447844&quot;',UsedValue='5083447844'}&#xD;&#xA;+ Passed     Wait 1s for better screenshot {LogInfo='Waited for 1000ms.'}&#xD;&#xA;+ Passed     Take Screenshot {LogInfo='The screenshot successfully saved in '\\A11FLSCIFS\Tosca_Screenshots\26\2\24\Opella_20260224101220_20260224101220192.png''}&#xD;&#xA;+ Passed     Click Continue&#xD;&#xA;+ Passed      Continue&#xD;&#xA;+ Passed     Wait for Outbound Delivery to be displayed&#xD;&#xA;+ Passed      Outbound Deliv. {LogInfo='WaitOn was successful.&#xD;&#xA;Expected value == &quot;5083447844&quot;&#xD;&#xA;Actual value: &quot;5083447844&quot;',UsedValue='5083447844'}&#xD;&#xA;+ Passed    Print Buffers&#xD;&#xA;+ Passed     Outbound Delivery Number {LogInfo='Buffer with name 'Outbound Delivery Number' has been set to value '5083447844'.',UsedValue='5083447844'}&#xD;&#xA;+ Passed   4. Enter Batch&#xD;&#xA;+ Passed    VL02N | Change Outbound Delivery | Update data (Picking tab)&#xD;&#xA;+ Passed     Navigate to Picking tab&#xD;&#xA;+ Passed      Outbound Deliv. {LogInfo='WaitOn was successful.&#xD;&#xA;Expected value == &quot;5083447844&quot;&#xD;&#xA;Actual value: &quot;5083447844&quot;',UsedValue='5083447844'}&#xD;&#xA;+ Passed      Tab Panel 1 {UsedValue='Picking'}&#xD;&#xA;+ Passed     Updata data in the table&#xD;&#xA;+ Passed      Pick Date/Time date {LogInfo='WaitOn was successful.&#xD;&#xA;Expected value == &quot;True&quot;&#xD;&#xA;Actual value: &quot;True&quot;',UsedValue='True'}&#xD;&#xA;+ Passed      All Items&#xD;&#xA;+ Passed       &lt;Row&gt;&#xD;&#xA;+ Passed        Picked Qty {UsedValue='2'}&#xD;&#xA;+ Passed        Batch {UsedValue='TESTAUTO'}&#xD;&#xA;+ Passed        Picked Qty {LogInfo='WaitOn was successful.&#xD;&#xA;Expected value == &quot;2&quot;&#xD;&#xA;Actual value: &quot;2&quot;',UsedValue='2'}&#xD;&#xA;+ Passed        Batch {LogInfo='WaitOn was successful.&#xD;&#xA;Expected value == &quot;TESTAUTO&quot;&#xD;&#xA;Actual value: &quot;TESTAUTO&quot;',UsedValue='TESTAUTO'}&#xD;&#xA;+ Passed    Take Screenshot {LogInfo='The screenshot successfully saved in '\\A11FLSCIFS\Tosca_Screenshots\26\2\24\Opella_20260224101240_20260224101240735.png''}&#xD;&#xA;+ Passed    Print Buffers&#xD;&#xA;+ Passed     Batch {LogInfo='Buffer with name 'Batch' has been set to value 'TESTAUTO'.',UsedValue='TESTAUTO'}&#xD;&#xA;+ Passed   5. Save Outbound Delivery&#xD;&#xA;+ Passed    Save Outbound Deliver&#xD;&#xA;+ Passed     Click Save&#xD;&#xA;+ Passed      Outbound Deliv. {LogInfo='WaitOn was successful.&#xD;&#xA;Expected value == &quot;5083447844&quot;&#xD;&#xA;Actual value: &quot;5083447844&quot;',UsedValue='5083447844'}&#xD;&#xA;+ Passed      Save&#xD;&#xA;+ Passed     Wait for the 2nd message {LogInfo='Waited for 3000ms.'}&#xD;&#xA;+ Passed     App | Verify Status bar Message&#xD;&#xA;+ Passed      Verify Message&#xD;&#xA;+ Passed       SAP Statusbar {LogInfo='WaitOn was successful.&#xD;&#xA;Expected value == &quot;True&quot;&#xD;&#xA;Actual value: &quot;True&quot;',UsedValue='True'}&#xD;&#xA;+ Passed       SAP Statusbar {LogInfo='Verification was successful.&#xD;&#xA;Expression: &quot;== *Outbound Delivery*saved**&quot;&#xD;&#xA;Actual value: &quot;Outbound Delivery 5083447844 has been saved&quot;',UsedValue='*Outbound Delivery*saved**'}&#xD;&#xA;+ Passed    Take Screenshot {LogInfo='The screenshot successfully saved in '\\A11FLSCIFS\Tosca_Screenshots\26\2\24\Opella_20260224101251_20260224101251398.png''}&#xD;&#xA;+ Passed    Print Buffers&#xD;&#xA;+ Passed     Outbound Delivery Number {LogInfo='Buffer with name 'Outbound Delivery Number' has been set to value '5083447844'.',UsedValue='5083447844'}&#xD;&#xA;+ Passed   6. Logout from system.&#xD;&#xA;+ Passed    Logout and close the browser&#xD;&#xA;+ Passed     Click User Profile icon&#xD;&#xA;+ Passed      User Profile section&#xD;&#xA;+ Passed       User icon&#xD;&#xA;+ Passed     If (additional check for better stability&#xD;&#xA;+ Passed     Click Sign Out&#xD;&#xA;+ Passed      Sign Out {LogInfo='WaitOn was successful.&#xD;&#xA;Expected value == &quot;True&quot;&#xD;&#xA;Actual value: &quot;True&quot;',UsedValue='True'}&#xD;&#xA;+ Passed      Sign Out&#xD;&#xA;+ Passed     Confirm logout on the popup&#xD;&#xA;+ Passed      Sign Out {LogInfo='WaitOn was successful.&#xD;&#xA;Expected value == &quot;True&quot;&#xD;&#xA;Actual value: &quot;True&quot;',UsedValue='True'}&#xD;&#xA;+ Passed       OK {UsedValue='x'}&#xD;&#xA;+ Passed     Wait for Logout Page&#xD;&#xA;+ Passed      Re-Login {LogInfo='WaitOn was successful.&#xD;&#xA;Expected value == &quot;True&quot;&#xD;&#xA;Actual value: &quot;True&quot;',UsedValue='True'}&#xD;&#xA;+ Passed     Close the browser&#xD;&#xA;+ Passed      Operation {LogInfo='Operation 'Close' has been performed successfully on window with caption 'Logout Page*'.'}&#xD;&#xA;+ Passed      Operation {LogInfo='Operation 'Wait On Close' has been performed successfully on window with caption 'Logout Page*'.'}&#xD;&#xA;&#xD;&#xA;+ Passed  Postconditions&#xD;&#xA;+ Passed   N/A&#xD;&#xA;&#xD;&#xA;" />
    <testcase name="CS_04_01_026 Manual PGI update in SHIFT Outbound Delivery" time="126.0635175" timestamp="2026-02-24T10:13:04.7867647+01:00" log="+ Passed CS_04_01_026 Manual PGI update in SHIFT Outbound Delivery&#xD;&#xA;+ Passed  Preconditions&#xD;&#xA;+ Passed   Delete Buffers {LogInfo='Successfully deleted all Buffers!'}&#xD;&#xA;+ Passed   Set Buffer for TDS Data Repository&#xD;&#xA;+ Passed    TDSRepository {LogInfo='Buffer with name 'TDSRepository' has been set to value 'A2R'.',UsedValue='A2R'}&#xD;&#xA;+ Passed   App | Fetch Data from TDS&#xD;&#xA;+ Passed    TestData - Read data&#xD;&#xA;+ Passed   Set Buffers&#xD;&#xA;+ Passed    OutboundDeliveryNumber {LogInfo='Buffer with name 'OutboundDeliveryNumber' has been set to value '5083447844'.',UsedValue='5083447844'}&#xD;&#xA;+ Passed    SalesOrderNumber {LogInfo='Buffer with name 'SalesOrderNumber' has been set to value '1071408577'.',UsedValue='1071408577'}&#xD;&#xA;&#xD;&#xA;+ Passed  Process&#xD;&#xA;+ Passed   1. Login &#xD;&#xA;+ Passed    App | Login without SSO | User from TDS&#xD;&#xA;+ Passed     Set Buffer for Users TDS Repository&#xD;&#xA;+ Passed      TDSRepository {LogInfo='Buffer with name 'TDSRepository' has been set to value 'Users'.',UsedValue='Users'}&#xD;&#xA;+ Passed     TestData - Find &amp; provide item&#xD;&#xA;+ Passed     Open Url {LogInfo='Opened https://ppdpolaris.sanofi.com:44350/sap/bc/ui5_ui5/ui2/ushell/shells/abap/FioriLaunchpad.html?saml2=disabled#sap-client=100#Shell-home in Edge, in a new tab.'}&#xD;&#xA;+ Passed     Wait for browser to open and maximize the window&#xD;&#xA;+ Passed      Operation {LogInfo='Operation 'Wait On Open' has been performed successfully on window with caption '*.sanofi.com:44350/sap*'.'}&#xD;&#xA;+ Passed      Operation {LogInfo='Operation 'Maximize' has been performed successfully on window with caption '*.sanofi.com:44350/sap*'.'}&#xD;&#xA;+ Passed     Click Cancel on Windows Security popup&#xD;&#xA;+ Passed      Sign in to access this site {LogInfo='WaitOn was successful.&#xD;&#xA;Expected value == &quot;True&quot;&#xD;&#xA;Actual value: &quot;True&quot;',UsedValue='True'}&#xD;&#xA;+ Passed      Cancel {UsedValue='x'}&#xD;&#xA;+ Passed     Provide credentials and log on&#xD;&#xA;+ Passed      User {LogInfo='WaitOn was successful.&#xD;&#xA;Expected value == &quot;True&quot;&#xD;&#xA;Actual value: &quot;True&quot;',UsedValue='True'}&#xD;&#xA;+ Passed      User {UsedValue='{SENDKEYS[^{END}^(+{HOME}){DELETE}]}{TEXTINPUT[ART-CS-156]}'}&#xD;&#xA;+ Passed      Password {UsedValue='{SENDKEYS[^{END}^(+{HOME}){DELETE}]}{TEXTINPUT[PolarisTest@26!]}'}&#xD;&#xA;+ Passed      Language {UsedValue='EN - English'}&#xD;&#xA;+ Passed      Log On&#xD;&#xA;+ Passed     If (Error popup after login is displayed)&#xD;&#xA;+ Passed      Then&#xD;&#xA;+ Passed       Click Close button&#xD;&#xA;+ Passed        Error&#xD;&#xA;+ Passed         Close {UsedValue='x'}&#xD;&#xA;+ Passed     Wait for User Profile ico
[...]
WaitOn was successful.&#xD;&#xA;Expected value == &quot;True&quot;&#xD;&#xA;Actual value: &quot;True&quot;',UsedValue='True'}&#xD;&#xA;+ Passed      Company Code {UsedValue='IT05'}&#xD;&#xA;+ Passed     Take Screenshot {LogInfo='The screenshot successfully saved in '\\A11FLSCIFS\Tosca_Screenshots\26\2\24\Opella_20260224111037_20260224111037546.png''}&#xD;&#xA;+ Passed     Print buffer into PDF&#xD;&#xA;+ Passed      Company Code {LogInfo='Buffer with name 'Company Code' has been set to value 'IT05'.',UsedValue='IT05'}&#xD;&#xA;+ Passed    61. Enter Posting Date&#xD;&#xA;+ Passed     Input data&#xD;&#xA;+ Passed      Selection: All Items&#xD;&#xA;+ Passed      Posting Date From {UsedValue='24.02.2026'}&#xD;&#xA;+ Passed      Posting Date From {LogInfo='WaitOn was successful.&#xD;&#xA;Expected value == &quot;24.02.2026&quot;&#xD;&#xA;Actual value: &quot;24.02.2026&quot;',UsedValue='24.02.2026'}&#xD;&#xA;+ Passed     Take Screenshot {LogInfo='The screenshot successfully saved in '\\A11FLSCIFS\Tosca_Screenshots\26\2\24\Opella_20260224111046_20260224111046503.png''}&#xD;&#xA;+ Passed     Print buffer into PDF&#xD;&#xA;+ Passed      Posting Date {LogInfo='Buffer with name 'Posting Date' has been set to value '24.02.2026'.',UsedValue='24.02.2026'}&#xD;&#xA;+ Passed    62. Enter Document Number&#xD;&#xA;+ Passed     Input data&#xD;&#xA;+ Passed      Selection: All Items&#xD;&#xA;+ Passed      Document Number {UsedValue='8400000052'}&#xD;&#xA;+ Passed      Layout {UsedValue='/BEA'}&#xD;&#xA;+ Passed     Take Screenshot {LogInfo='The screenshot successfully saved in '\\A11FLSCIFS\Tosca_Screenshots\26\2\24\Opella_20260224111054_20260224111054258.png''}&#xD;&#xA;+ Passed     Print buffer into PDF&#xD;&#xA;+ Passed      Document Number {LogInfo='Buffer with name 'Document Number' has been set to value '8400000052'.',UsedValue='8400000052'}&#xD;&#xA;+ Passed     Click execute&#xD;&#xA;+ Passed      Execute (F8) {UsedValue='X'}&#xD;&#xA;+ Passed    Verification of Table - AccountingDocument1&#xD;&#xA;+ Passed     Row 1&#xD;&#xA;+ Passed      63. GL Account Number Validation&#xD;&#xA;+ Passed       Verify Data&#xD;&#xA;+ Passed        Result Table {LogInfo='WaitOn was successful.&#xD;&#xA;Expected value == &quot;True&quot;&#xD;&#xA;Actual value: &quot;True&quot;',UsedValue='True'}&#xD;&#xA;+ Passed         &lt;Row&gt;&#xD;&#xA;+ Passed          G/L Account {LogInfo='Verification was successful.&#xD;&#xA;Expected value == &quot;4201010000&quot;&#xD;&#xA;Actual value: &quot;4201010000&quot;',UsedValue='4201010000'}&#xD;&#xA;+ Passed       Take Screenshot {LogInfo='The screenshot successfully saved in '\\A11FLSCIFS\Tosca_Screenshots\26\2\24\Opella_20260224111133_20260224111133226.png''}&#xD;&#xA;+ Passed       Print buffer into PDF&#xD;&#xA;+ Passed        G/L Account {LogInfo='Buffer with name 'G/L Account' has been set to value '4201010000'.',UsedValue='4201010000'}&#xD;&#xA;+ Passed      64. Functional Area Validation&#xD;&#xA;+ Passed       Verify Data&#xD;&#xA;+ Passed        Result Table&#xD;&#xA;+ Passed         &lt;Row&gt;&#xD;&#xA;+ Passed          Functional Area {LogInfo='Verification was successful.&#xD;&#xA;Expected value == &quot;&quot;&#xD;&#xA;Actual value: &quot;&quot;'}&#xD;&#xA;+ Passed       Print buffer into PDF&#xD;&#xA;+ Passed        Functional Area {LogInfo='Buffer with name 'Functional Area' has been set to value '&lt;empty&gt;'.',UsedValue='&lt;empty&gt;'}&#xD;&#xA;+ Passed      65. Add.Quantity 2 Validation&#xD;&#xA;+ Passed       Scroll table&#xD;&#xA;+ Passed        Drag&#xD;&#xA;+ Passed         Result Table&#xD;&#xA;+ Passed          Scrollbar&#xD;&#xA;+ Passed           Scrollhandle&#xD;&#xA;+ Passed        Drop&#xD;&#xA;+ Passed         Result Table&#xD;&#xA;+ Passed          Scrollbar&#xD;&#xA;+ Passed       Verify Data&#xD;&#xA;+ Passed        Result Table&#xD;&#xA;+ Passed         &lt;Row&gt;&#xD;&#xA;+ Passed          Add. Quantity 1 {LogInfo='Verification was successful.&#xD;&#xA;Expression: &quot;== {XB[Add1Quantity8]}&quot;&#xD;&#xA;Actual value: &quot;&quot;',UsedValue='{XB[Add1Quantity8]}'}&#xD;&#xA;+ Passed          Add. Quantity 2 {LogInfo='Verification was successful.&#xD;&#xA;Expression: &quot;== {XB[Add2Quantity8]}&quot;&#xD;&#xA;Actual value: &quot;&quot;',UsedValue='{XB[Add2Quantity8]}'}&#xD;&#xA;+ Passed          Add. Quantity 1 {LogInfo='Verification was successful.&#xD;&#xA;Expected value == &quot;&quot;&#xD;&#xA;Actual value: &quot;&quot;'}&#xD;&#xA;+ Passed       Take Screenshot {LogInfo='The screenshot successfully saved in '\\A11FLSCIFS\Tosca_Screenshots\26\2\24\Opella_20260224111233_20260224111233193.png''}&#xD;&#xA;+ Passed       Print buffer into PDF&#xD;&#xA;+ Passed        Additional Quantity 1 {LogInfo='Buffer with name 'Additional Quantity 1' has been set to value ''.'}&#xD;&#xA;+ Passed        Additional Quantity 2 {LogInfo='Buffer with name 'Additional Quantity 2' has been set to value ''.'}&#xD;&#xA;+ Passed      66. Add.Quantity Unit 2 Validation&#xD;&#xA;+ Passed       Verify Data&#xD;&#xA;+ Passed        Result Table&#xD;&#xA;+ Passed         &lt;Row&gt;&#xD;&#xA;+ Passed          Add Unit of Measure1 {LogInfo='Verification was successful.&#xD;&#xA;Expression: &quot;== {XB[Add1UnitOfMeasure8]}&quot;&#xD;&#xA;Actual value: &quot;&quot;',UsedValue='{XB[Add1UnitOfMeasure8]}'}&#xD;&#xA;+ Passed          Add Unit of Measure2 {LogInfo='Verification was successful.&#xD;&#xA;Expression: &quot;== {XB[Add2UnitOfMeasure8]}&quot;&#xD;&#xA;Actual value: &quot;&quot;',UsedValue='{XB[Add2UnitOfMeasure8]}'}&#xD;&#xA;+ Passed          Add Unit of Measure1 {LogInfo='Verification was successful.&#xD;&#xA;Expected value == &quot;&quot;&#xD;&#xA;Actual value: &quot;&quot;'}&#xD;&#xA;+ Passed       Print buffer into PDF&#xD;&#xA;+ Passed        Additional Unit of Measure 1 {LogInfo='Buffer with name 'Additional Unit of Measure 1' has been set to value ''.'}&#xD;&#xA;+ Passed        Additional Unit of Measure 2 {LogInfo='Buffer with name 'Additional Unit of Measure 2' has been set to value ''.'}&#xD;&#xA;+ Passed     Row 2&#xD;&#xA;+ Passed      Refresh the page&#xD;&#xA;+ Passed       Refresh {UsedValue='x'}&#xD;&#xA;+ Passed       Result Table {LogInfo='WaitOn was successful.&#xD;&#xA;Expected value == &quot;True&quot;&#xD;&#xA;Actual value: &quot;True&quot;',UsedValue='True'}&#xD;&#xA;+ Passed      67. GL Account Number Validation&#xD;&#xA;+ Passed       Verify Data&#xD;&#xA;+ Passed        Result Table {LogInfo='WaitOn was successful.&#xD;&#xA;Expected value == &quot;True&quot;&#xD;&#xA;Actual value: &quot;True&quot;',UsedValue='True'}&#xD;&#xA;+ Passed         &lt;Row&gt;&#xD;&#xA;+ Passed          G/L Account {LogInfo='Verification was successful.&#xD;&#xA;Expected value == &quot;5110510000&quot;&#xD;&#xA;Actual value: &quot;5110510000&quot;',UsedValue='5110510000'}&#xD;&#xA;+ Passed       Take Screenshot {LogInfo='The screenshot successfully saved in '\\A11FLSCIFS\Tosca_Screenshots\26\2\24\Opella_20260224111321_20260224111321515.png''}&#xD;&#xA;+ Passed       Print buffer into PDF&#xD;&#xA;+ Passed        G/L Account {LogInfo='Buffer with name 'G/L Account' has been set to value '5110510000'.',UsedValue='5110510000'}&#xD;&#xA;+ Passed      68. Functional Area Validation&#xD;&#xA;+ Passed       Verify Data&#xD;&#xA;+ Passed        Result Table&#xD;&#xA;+ Passed         &lt;Row&gt;&#xD;&#xA;+ Passed          Functional Area {LogInfo='Verification was successful.&#xD;&#xA;Expected value == &quot;51105&quot;&#xD;&#xA;Actual value: &quot;51105&quot;',UsedValue='51105'}&#xD;&#xA;+ Passed       Print buffer into PDF&#xD;&#xA;+ Passed        Functional Area {LogInfo='Buffer with name 'Functional Area' has been set to value '51105'.',UsedValue='51105'}&#xD;&#xA;+ Passed      69. Profit Center Validation&#xD;&#xA;+ Passed       Scroll table&#xD;&#xA;+ Passed        Drag&#xD;&#xA;+ Passed         Result Table&#xD;&#xA;+ Passed          Scrollbar&#xD;&#xA;+ Passed           Scrollhandle&#xD;&#xA;+ Passed        Drop&#xD;&#xA;+ Passed         Result Table&#xD;&#xA;+ Passed          Scrollbar&#xD;&#xA;+ Passed       Verify Data&#xD;&#xA;+ Passed        Result Table&#xD;&#xA;+ Passed         &lt;Row&gt;&#xD;&#xA;+ Passed          Profit Center {LogInfo='Verification was successful.&#xD;&#xA;Expected value == &quot;CAHC000&quot;&#xD;&#xA;Actual value: &quot;CAHC000&quot;',UsedValue='CAHC000'}&#xD;&#xA;+ Passed       Take Screenshot {LogInfo='The screenshot successfully saved in '\\A11FLSCIFS\Tosca_Screenshots\26\2\24\Opella_20260224111411_20260224111411605.png''}&#xD;&#xA;+ Passed       Print buffer into PDF&#xD;&#xA;+ Passed        Profit Center {LogInfo='Buffer with name 'Profit Center' has been set to value 'CAHC000'.',UsedValue='CAHC000'}&#xD;&#xA;+ Passed      70. Add.Quantity 2 Validation&#xD;&#xA;+ Passed       Scroll table&#xD;&#xA;+ Passed        Drag&#xD;&#xA;+ Passed         Result Table&#xD;&#xA;+ Passed          Scrollbar&#xD;&#xA;+ Passed           Scrollhandle&#xD;&#xA;+ Passed        Drop&#xD;&#xA;+ Passed         Result Table&#xD;&#xA;+ Passed          Scrollbar&#xD;&#xA;+ Passed       Verify Data&#xD;&#xA;+ Passed        Result Table&#xD;&#xA;+ Passed         &lt;Row&gt;&#xD;&#xA;+ Passed          Add. Quantity 1 {LogInfo='Verification was successful.&#xD;&#xA;Expression: &quot;== {XB[Add1Quantity9]}&quot;&#xD;&#xA;Actual value: &quot;2&quot;',UsedValue='{XB[Add1Quantity9]}'}&#xD;&#xA;+ Passed          Add. Quantity 2 {LogInfo='Verification was successful.&#xD;&#xA;Expression: &quot;== {XB[Add2Quantity9]}&quot;&#xD;&#xA;Actual value: &quot;2&quot;',UsedValue='{XB[Add2Quantity9]}'}&#xD;&#xA;+ Passed          Add. Quantity 1 {LogInfo='Verification was successful.&#xD;&#xA;Expected value == &quot;2&quot;&#xD;&#xA;Actual value: &quot;2&quot;',UsedValue='2'}&#xD;&#xA;+ Passed       Take Screenshot {LogInfo='The screenshot successfully saved in '\\A11FLSCIFS\Tosca_Screenshots\26\2\24\Opella_20260224111445_20260224111445302.png''}&#xD;&#xA;+ Passed       Print buffer into PDF&#xD;&#xA;+ Passed        Additional Quantity 1 {LogInfo='Buffer with name 'Additional Quantity 1' has been set to value '2'.',UsedValue='2'}&#xD;&#xA;+ Passed        Additional Quantity 2 {LogInfo='Buffer with name 'Additional Quantity 2' has been set to value '2'.',UsedValue='2'}&#xD;&#xA;+ Passed      71. Add.Quantity Unit 2 Validation&#xD;&#xA;+ Passed       Verify Data&#xD;&#xA;+ Passed        Result Table&#xD;&#xA;+ Passed         &lt;Row&gt;&#xD;&#xA;+ Passed          Add Unit of Measure1 {LogInfo='Verification was successful.&#xD;&#xA;Expression: &quot;== {XB[Add1UnitOfMeasure9]}&quot;&#xD;&#xA;Actual value: &quot;UNT&quot;',UsedValue='{XB[Add1UnitOfMeasure9]}'}&#xD;&#xA;+ Passed          Add Unit of Measure2 {LogInfo='Verification was successful.&#xD;&#xA;Expression: &quot;== {XB[Add2UnitOfMeasure9]}&quot;&#xD;&#xA;Actual value: &quot;UNT&quot;',UsedValue='{XB[Add2UnitOfMeasure9]}'}&#xD;&#xA;+ Passed          Add Unit of Measure1 {LogInfo='Verification was successful.&#xD;&#xA;Expected value == &quot;UNT&quot;&#xD;&#xA;Actual value: &quot;UNT&quot;',UsedValue='UNT'}&#xD;&#xA;+ Passed       Print buffer into PDF&#xD;&#xA;+ Passed        Additional Unit of Measure 1 {LogInfo='Buffer with name 'Additional Unit of Measure 1' has been set to value 'UNT'.',UsedValue='UNT'}&#xD;&#xA;+ Passed        Additional Unit of Measure 2 {LogInfo='Buffer with name 'Additional Unit of Measure 2' has been set to value 'UNT'.',UsedValue='UNT'}&#xD;&#xA;+ Passed      72. Add.Quantity 3 Validation&#xD;&#xA;+ Passed       Verify Data&#xD;&#xA;+ Passed        Result Table&#xD;&#xA;+ Passed         &lt;Row&gt;&#xD;&#xA;+ Passed          Add. Quantity 3 {LogInfo='Verification was successful.&#xD;&#xA;Expected value == &quot;1&quot;&#xD;&#xA;Actual value: &quot;1&quot;',UsedValue='1'}&#xD;&#xA;+ Passed       Print buffer into PDF&#xD;&#xA;+ Passed        Additional Quantity 3 {LogInfo='Buffer with name 'Additional Quantity 3' has been set to value '1'.',UsedValue='1'}&#xD;&#xA;+ Passed      73. Add.Quantity Unit 3 Validation&#xD;&#xA;+ Passed       Verify Data&#xD;&#xA;+ Passed        Result Table&#xD;&#xA;+ Passed         &lt;Row&gt;&#xD;&#xA;+ Passed          Add Unit of Measure3 {LogInfo='Verification was successful.&#xD;&#xA;Expression: &quot;== {XB[Add3UnitOfMeasure]}&quot;&#xD;&#xA;Actual value: &quot;PVU&quot;',UsedValue='{XB[Add3UnitOfMeasure]}'}&#xD;&#xA;+ Passed          Add Unit of Measure3 {LogInfo='Verification was successful.&#xD;&#xA;Expected value != &quot;&quot;&#xD;&#xA;Actual value: &quot;PVU&quot;'}&#xD;&#xA;+ Passed       Print buffer into PDF&#xD;&#xA;+ Passed        Additional Unit of Measure 3 {LogInfo='Buffer with name 'Additional Unit of Measure 3' has been set to value 'PVU'.',UsedValue='PVU'}&#xD;&#xA;+ Passed      74. Intl.TradeMark Validation&#xD;&#xA;+ Passed       Scroll table&#xD;&#xA;+ Passed        Drag&#xD;&#xA;+ Passed         Result Table&#xD;&#xA;+ Passed          Scrollbar&#xD;&#xA;+ Passed           Scrollhandle&#xD;&#xA;+ Passed        Drop&#xD;&#xA;+ Passed         Result Table&#xD;&#xA;+ Passed          Scrollbar&#xD;&#xA;+ Passed       Verify Data&#xD;&#xA;+ Passed        Result Table&#xD;&#xA;+ Passed         &lt;Row&gt;&#xD;&#xA;+ Passed          Inter. Trademark {LogInfo='Verification was successful.&#xD;&#xA;Expected value == &quot;23D&quot;&#xD;&#xA;Actual value: &quot;23D&quot;',UsedValue='23D'}&#xD;&#xA;+ Passed       Take Screenshot {LogInfo='The screenshot successfully saved in '\\A11FLSCIFS\Tosca_Screenshots\26\2\24\Opella_20260224111612_20260224111612732.png''}&#xD;&#xA;+ Passed       Print buffer into PDF&#xD;&#xA;+ Passed        Internal Trade Mark {LogInfo='Buffer with name 'Internal Trade Mark' has been set to value '23D'.',UsedValue='23D'}&#xD;&#xA;+ Passed      75. Material Grp Validation&#xD;&#xA;+ Passed       Verify Data&#xD;&#xA;+ Passed        Result Table&#xD;&#xA;+ Passed         &lt;Row&gt;&#xD;&#xA;+ Passed          Product Sold Group {LogInfo='Verification was successful.&#xD;&#xA;Expected value == &quot;S00602&quot;&#xD;&#xA;Actual value: &quot;S00602&quot;',UsedValue='S00602'}&#xD;&#xA;+ Passed       Print buffer into PDF&#xD;&#xA;+ Passed        Material Group {LogInfo='Buffer with name 'Material Group' has been set to value 'S00602'.',UsedValue='S00602'}&#xD;&#xA;+ Passed     Row 3&#xD;&#xA;+ Passed      Refresh the page&#xD;&#xA;+ Passed       Refresh {UsedValue='x'}&#xD;&#xA;+ Passed       Result Table {LogInfo='WaitOn was successful.&#xD;&#xA;Expected value == &quot;True&quot;&#xD;&#xA;Actual value: &quot;True&quot;',UsedValue='True'}&#xD;&#xA;+ Passed      76. GL Account Number Validation&#xD;&#xA;+ Passed       Verify Data&#xD;&#xA;+ Passed        Result Table {LogInfo='WaitOn was successful.&#xD;&#xA;Expected value == &quot;True&quot;&#xD;&#xA;Actual value: &quot;True&quot;',UsedValue='True'}&#xD;&#xA;+ Passed         &lt;Row&gt;&#xD;&#xA;+ Passed          G/L Account {LogInfo='Verification was successful.&#xD;&#xA;Expected value == &quot;2200510000&quot;&#xD;&#xA;Actual value: &quot;2200510000&quot;',UsedValue='2200510000'}&#xD;&#xA;+ Passed       Take Screenshot {LogInfo='The screenshot successfully saved in '\\A11FLSCIFS\Tosca_Screenshots\26\2\24\Opella_20260224111659_20260224111659028.png''}&#xD;&#xA;+ Passed       Print buffer into PDF&#xD;&#xA;+ Passed        G/L Account {LogInfo='Buffer with name 'G/L Account' has been set to value '2200510000'.',UsedValue='2200510000'}&#xD;&#xA;+ Passed      77. Functional Area Validation&#xD;&#xA;+ Passed       Verify Data&#xD;&#xA;+ Passed        Result Table&#xD;&#xA;+ Passed         &lt;Row&gt;&#xD;&#xA;+ Passed          Functional Area {LogInfo='Verification was successful.&#xD;&#xA;Expected value == &quot;&quot;&#xD;&#xA;Actual value: &quot;&quot;'}&#xD;&#xA;+ Passed       Print buffer into PDF&#xD;&#xA;+ Passed        Functional Area {LogInfo='Buffer with name 'Functional Area' has been set to value '&lt;empty&gt;'.',UsedValue='&lt;empty&gt;'}&#xD;&#xA;+ Passed      78. Add.Quantity 2 Validation&#xD;&#xA;+ Passed       Scroll table&#xD;&#xA;+ Passed        Drag&#xD;&#xA;+ Passed         Result Table&#xD;&#xA;+ Passed          Scrollbar&#xD;&#xA;+ Passed           Scrollhandle&#xD;&#xA;+ Passed        Drop&#xD;&#xA;+ Passed         Result Table&#xD;&#xA;+ Passed          Scrollbar&#xD;&#xA;+ Passed       Verify Data&#xD;&#xA;+ Passed        Result Table&#xD;&#xA;+ Passed         &lt;Row&gt;&#xD;&#xA;+ Passed          Add. Quantity 1 {LogInfo='Verification was successful.&#xD;&#xA;Expression: &quot;== {XB[Add1Quantity10]}&quot;&#xD;&#xA;Actual value: &quot;&quot;',UsedValue='{XB[Add1Quantity10]}'}&#xD;&#xA;+ Passed          Add. Quantity 2 {LogInfo='Verification was successful.&#xD;&#xA;Expression: &quot;== {XB[Add2Quantity10]}&quot;&#xD;&#xA;Actual value: &quot;&quot;',UsedValue='{XB[Add2Quantity10]}'}&#xD;&#xA;+ Passed          Add. Quantity 1 {LogInfo='Verification was successful.&#xD;&#xA;Expected value == &quot;&quot;&#xD;&#xA;Actual value: &quot;&quot;'}&#xD;&#xA;+ Passed       Take Screenshot {LogInfo='The screenshot successfully saved in '\\A11FLSCIFS\Tosca_Screenshots\26\2\24\Opella_20260224111751_20260224111751949.png''}&#xD;&#xA;+ Passed       Print buffer into PDF&#xD;&#xA;+ Passed        Additional Quantity 1 {LogInfo='Buffer with name 'Additional Quantity 1' has been set to value ''.'}&#xD;&#xA;+ Passed        Additional Quantity 2 {LogInfo='Buffer with name 'Additional Quantity 2' has been set to value ''.'}&#xD;&#xA;+ Passed      79. Add.Quantity Unit 2 Validation&#xD;&#xA;+ Passed       Verify Data&#xD;&#xA;+ Passed        Result Table&#xD;&#xA;+ Passed         &lt;Row&gt;&#xD;&#xA;+ Passed          Add Unit of Measure1 {LogInfo='Verification was successful.&#xD;&#xA;Expression: &quot;== {XB[Add1UnitOfMeasure10]}&quot;&#xD;&#xA;Actual value: &quot;&quot;',UsedValue='{XB[Add1UnitOfMeasure10]}'}&#xD;&#xA;+ Passed          Add Unit of Measure2 {LogInfo='Verification was successful.&#xD;&#xA;Expression: &quot;== {XB[Add2UnitOfMeasure10]}&quot;&#xD;&#xA;Actual value: &quot;&quot;',UsedValue='{XB[Add2UnitOfMeasure10]}'}&#xD;&#xA;+ Passed          Add Unit of Measure1 {LogInfo='Verification was successful.&#xD;&#xA;Expected value == &quot;&quot;&#xD;&#xA;Actual value: &quot;&quot;'}&#xD;&#xA;+ Passed       Print buffer into PDF&#xD;&#xA;+ Passed        Additional Unit of Measure 1 {LogInfo='Buffer with name 'Additional Unit of Measure 1' has been set to value ''.'}&#xD;&#xA;+ Passed        Additional Unit of Measure 2 {LogInfo='Buffer with name 'Additional Unit of Measure 2' has been set to value ''.'}&#xD;&#xA;+ Passed   80. Log Out &#xD;&#xA;+ Passed    Logout and close the browser&#xD;&#xA;+ Passed     Click User Profile icon&#xD;&#xA;+ Passed      User Profile section&#xD;&#xA;+ Passed       User icon&#xD;&#xA;+ Passed     If (additional check for better stability&#xD;&#xA;+ Passed     Click Sign Out&#xD;&#xA;+ Passed      Sign Out {LogInfo='WaitOn was successful.&#xD;&#xA;Expected value == &quot;True&quot;&#xD;&#xA;Actual value: &quot;True&quot;',UsedValue='True'}&#xD;&#xA;+ Passed      Sign Out&#xD;&#xA;+ Passed     Confirm logout on the popup&#xD;&#xA;+ Passed      Sign Out {LogInfo='WaitOn was successful.&#xD;&#xA;Expected value == &quot;True&quot;&#xD;&#xA;Actual value: &quot;True&quot;',UsedValue='True'}&#xD;&#xA;+ Passed       OK {UsedValue='x'}&#xD;&#xA;+ Passed     Wait for Logout Page&#xD;&#xA;+ Passed      Re-Login {LogInfo='WaitOn was successful.&#xD;&#xA;Expected value == &quot;True&quot;&#xD;&#xA;Actual value: &quot;True&quot;',UsedValue='True'}&#xD;&#xA;+ Passed     Close the browser&#xD;&#xA;+ Passed      Operation {LogInfo='Operation 'Close' has been performed successfully on window with caption 'Logout Page*'.'}&#xD;&#xA;+ Passed      Operation {LogInfo='Operation 'Wait On Close' has been performed successfully on window with caption 'Logout Page*'.'}&#xD;&#xA;&#xD;&#xA;+ Passed  Postconditions&#xD;&#xA;+ Passed   N/A&#xD;&#xA;&#xD;&#xA;" />
  </testsuite>
</testsuites>
